2019-04-26 21:53:24,588 INFO 12066 [egg:logger] init all loggers with options: {"dir":"/Users/lp1/Downloads/Vue-shopping-master/egg/logs/server","encoding":"utf8","env":"local","level":"INFO","consoleLevel":"INFO","disableConsoleAfterReady":false,"outputJSON":false,"buffer":true,"appLogName":"server-web.log","coreLogName":"egg-web.log","agentLogName":"egg-agent.log","errorLogName":"common-error.log","coreLogger":{"consoleLevel":"WARN"},"allowDebugAtProd":false,"type":"application"}
2019-04-26 21:53:24,620 INFO 12066 [egg-multipart] stream mode enable
2019-04-26 21:53:24,844 INFO 12066 [egg-mongoose] connecting mongodb://127.0.0.1/shoppingMall
2019-04-26 21:53:25,038 INFO 12066 [egg-static] starting static serve /public/ -> /Users/lp1/Downloads/Vue-shopping-master/egg/app/public
2019-04-26 21:53:25,040 INFO 12066 [egg-security] use methodnoallow middleware
2019-04-26 21:53:25,040 INFO 12066 [egg-security] use noopen middleware
2019-04-26 21:53:25,041 INFO 12066 [egg-security] use nosniff middleware
2019-04-26 21:53:25,041 INFO 12066 [egg-security] use xssProtection middleware
2019-04-26 21:53:25,041 INFO 12066 [egg-security] use xframe middleware
2019-04-26 21:53:25,042 INFO 12066 [egg-security] use dta middleware
2019-04-26 21:53:25,042 INFO 12066 [egg-security] compose 6 middlewares into one security middleware
2019-04-26 21:53:25,054 INFO 12066 [egg:core] dump config after load, 4ms
2019-04-26 21:53:25,056 INFO 12066 [egg-mongoose] starting...
2019-04-26 21:53:25,103 INFO 12066 [egg-watcher:application] watcher start success
2019-04-26 21:53:25,106 INFO 12066 [egg-mongoose] mongodb://127.0.0.1/shoppingMall connected successfully
2019-04-26 21:53:25,113 INFO 12066 [egg-mongoose] instance[0] start successfully
2019-04-26 21:53:25,122 INFO 12066 [egg:core] dump config after ready, 7ms
2019-04-27 08:36:27,825 INFO 6732 [egg:logger] init all loggers with options: {"dir":"C:\\Users\\Administrator\\Desktop\\shop\\server\\logs\\server","encoding":"utf8","env":"local","level":"INFO","consoleLevel":"INFO","disableConsoleAfterReady":false,"outputJSON":false,"buffer":true,"appLogName":"server-web.log","coreLogName":"egg-web.log","agentLogName":"egg-agent.log","errorLogName":"common-error.log","coreLogger":{"consoleLevel":"WARN"},"allowDebugAtProd":false,"type":"application"}
2019-04-27 08:36:27,870 INFO 6732 [egg-multipart] stream mode enable
2019-04-27 08:36:28,159 INFO 6732 [egg-mongoose] connecting mongodb://127.0.0.1/shoppingMall
2019-04-27 08:36:28,444 INFO 6732 [egg-static] starting static serve /public/ -> C:\Users\Administrator\Desktop\shop\server\app\public
2019-04-27 08:36:28,447 INFO 6732 [egg-security] use methodnoallow middleware
2019-04-27 08:36:28,448 INFO 6732 [egg-security] use noopen middleware
2019-04-27 08:36:28,449 INFO 6732 [egg-security] use nosniff middleware
2019-04-27 08:36:28,449 INFO 6732 [egg-security] use xssProtection middleware
2019-04-27 08:36:28,451 INFO 6732 [egg-security] use xframe middleware
2019-04-27 08:36:28,452 INFO 6732 [egg-security] use dta middleware
2019-04-27 08:36:28,452 INFO 6732 [egg-security] compose 6 middlewares into one security middleware
2019-04-27 08:36:28,472 INFO 6732 [egg:core] dump config after load, 5ms
2019-04-27 08:36:28,475 INFO 6732 [egg-mongoose] starting...
2019-04-27 08:36:28,514 INFO 6732 [egg-mongoose] mongodb://127.0.0.1/shoppingMall connected successfully
2019-04-27 08:36:28,522 INFO 6732 [egg-mongoose] instance[0] start successfully
2019-04-27 08:36:28,524 INFO 6732 [egg-watcher:application] watcher start success
2019-04-27 08:36:28,531 INFO 6732 [egg:core] dump config after ready, 6ms
2019-04-27 10:25:49,253 INFO 3124 [egg:logger] init all loggers with options: {"dir":"C:\\Users\\Administrator\\Desktop\\shop\\server\\logs\\server","encoding":"utf8","env":"local","level":"INFO","consoleLevel":"INFO","disableConsoleAfterReady":false,"outputJSON":false,"buffer":true,"appLogName":"server-web.log","coreLogName":"egg-web.log","agentLogName":"egg-agent.log","errorLogName":"common-error.log","coreLogger":{"consoleLevel":"WARN"},"allowDebugAtProd":false,"type":"application"}
2019-04-27 10:25:49,290 INFO 3124 [egg-multipart] stream mode enable
2019-04-27 10:25:49,771 INFO 3124 [egg-mongoose] connecting mongodb://127.0.0.1/shoppingMall
2019-04-27 10:25:50,103 INFO 3124 [egg-static] starting static serve /public/ -> C:\Users\Administrator\Desktop\shop\server\app\public
2019-04-27 10:25:50,106 INFO 3124 [egg-security] use methodnoallow middleware
2019-04-27 10:25:50,106 INFO 3124 [egg-security] use noopen middleware
2019-04-27 10:25:50,107 INFO 3124 [egg-security] use nosniff middleware
2019-04-27 10:25:50,108 INFO 3124 [egg-security] use xssProtection middleware
2019-04-27 10:25:50,109 INFO 3124 [egg-security] use xframe middleware
2019-04-27 10:25:50,110 INFO 3124 [egg-security] use dta middleware
2019-04-27 10:25:50,110 INFO 3124 [egg-security] compose 6 middlewares into one security middleware
2019-04-27 10:25:50,132 INFO 3124 [egg:core] dump config after load, 8ms
2019-04-27 10:25:50,136 INFO 3124 [egg-mongoose] starting...
2019-04-27 10:25:50,176 INFO 3124 [egg-mongoose] mongodb://127.0.0.1/shoppingMall connected successfully
2019-04-27 10:25:50,183 INFO 3124 [egg-mongoose] instance[0] start successfully
2019-04-27 10:25:50,188 INFO 3124 [egg-watcher:application] watcher start success
2019-04-27 10:25:50,198 INFO 3124 [egg:core] dump config after ready, 8ms
2019-04-30 13:56:42,538 INFO 7004 [egg:logger] init all loggers with options: {"dir":"C:\\Users\\Administrator\\Desktop\\shop\\server\\logs\\server","encoding":"utf8","env":"local","level":"INFO","consoleLevel":"INFO","disableConsoleAfterReady":false,"outputJSON":false,"buffer":true,"appLogName":"server-web.log","coreLogName":"egg-web.log","agentLogName":"egg-agent.log","errorLogName":"common-error.log","coreLogger":{"consoleLevel":"WARN"},"allowDebugAtProd":false,"type":"application"}
2019-04-30 13:56:42,574 INFO 7004 [egg-multipart] stream mode enable
2019-04-30 13:56:42,879 INFO 7004 [egg-mongoose] connecting mongodb://127.0.0.1/shoppingMall
2019-04-30 13:56:43,116 INFO 7004 [egg-static] starting static serve /public/ -> C:\Users\Administrator\Desktop\shop\server\app\public
2019-04-30 13:56:43,119 INFO 7004 [egg-security] use methodnoallow middleware
2019-04-30 13:56:43,119 INFO 7004 [egg-security] use noopen middleware
2019-04-30 13:56:43,120 INFO 7004 [egg-security] use nosniff middleware
2019-04-30 13:56:43,121 INFO 7004 [egg-security] use xssProtection middleware
2019-04-30 13:56:43,121 INFO 7004 [egg-security] use xframe middleware
2019-04-30 13:56:43,121 INFO 7004 [egg-security] use dta middleware
2019-04-30 13:56:43,121 INFO 7004 [egg-security] compose 6 middlewares into one security middleware
2019-04-30 13:56:43,339 INFO 7004 [egg:core] dump config after load, 25ms
2019-04-30 13:56:43,347 INFO 7004 [egg-mongoose] starting...
2019-04-30 13:56:43,402 INFO 7004 [egg-watcher:application] watcher start success
2019-04-30 13:56:43,517 INFO 7004 [egg-mongoose] mongodb://127.0.0.1/shoppingMall connected successfully
2019-04-30 13:56:43,538 INFO 7004 [egg-mongoose] instance[0] start successfully
2019-04-30 13:56:43,555 INFO 7004 [egg:core] dump config after ready, 12ms
2019-04-30 14:03:27,941 INFO 1108 [egg:logger] init all loggers with options: {"dir":"C:\\Users\\Administrator\\Desktop\\shop\\server\\logs\\server","encoding":"utf8","env":"local","level":"INFO","consoleLevel":"INFO","disableConsoleAfterReady":false,"outputJSON":false,"buffer":true,"appLogName":"server-web.log","coreLogName":"egg-web.log","agentLogName":"egg-agent.log","errorLogName":"common-error.log","coreLogger":{"consoleLevel":"WARN"},"allowDebugAtProd":false,"type":"application"}
2019-04-30 14:03:27,982 INFO 1108 [egg-multipart] stream mode enable
2019-04-30 14:03:28,494 INFO 1108 [egg-mongoose] connecting mongodb://127.0.0.1/shoppingMall
2019-04-30 14:03:28,868 INFO 1108 [egg-static] starting static serve /public/ -> C:\Users\Administrator\Desktop\shop\server\app\public
2019-04-30 14:03:28,871 INFO 1108 [egg-security] use methodnoallow middleware
2019-04-30 14:03:28,872 INFO 1108 [egg-security] use noopen middleware
2019-04-30 14:03:28,873 INFO 1108 [egg-security] use nosniff middleware
2019-04-30 14:03:28,874 INFO 1108 [egg-security] use xssProtection middleware
2019-04-30 14:03:28,875 INFO 1108 [egg-security] use xframe middleware
2019-04-30 14:03:28,875 INFO 1108 [egg-security] use dta middleware
2019-04-30 14:03:28,875 INFO 1108 [egg-security] compose 6 middlewares into one security middleware
2019-04-30 14:03:28,898 INFO 1108 [egg:core] dump config after load, 5ms
2019-04-30 14:03:28,901 INFO 1108 [egg-mongoose] starting...
2019-04-30 14:03:28,938 INFO 1108 [egg-mongoose] mongodb://127.0.0.1/shoppingMall connected successfully
2019-04-30 14:03:28,945 INFO 1108 [egg-mongoose] instance[0] start successfully
2019-04-30 14:03:28,948 INFO 1108 [egg-watcher:application] watcher start success
2019-04-30 14:03:28,958 INFO 1108 [egg:core] dump config after ready, 7ms
2019-04-30 15:00:05,761 INFO 6380 [egg:logger] init all loggers with options: {"dir":"C:\\Users\\Administrator\\Desktop\\shop\\server\\logs\\server","encoding":"utf8","env":"local","level":"INFO","consoleLevel":"INFO","disableConsoleAfterReady":false,"outputJSON":false,"buffer":true,"appLogName":"server-web.log","coreLogName":"egg-web.log","agentLogName":"egg-agent.log","errorLogName":"common-error.log","coreLogger":{"consoleLevel":"WARN"},"allowDebugAtProd":false,"type":"application"}
2019-04-30 15:00:05,801 INFO 6380 [egg-multipart] stream mode enable
2019-04-30 15:00:06,250 INFO 6380 [egg-mongoose] connecting mongodb://127.0.0.1/shoppingMall
2019-04-30 15:00:06,600 INFO 6380 [egg-static] starting static serve /public/ -> C:\Users\Administrator\Desktop\shop\server\app\public
2019-04-30 15:00:06,603 INFO 6380 [egg-security] use methodnoallow middleware
2019-04-30 15:00:06,603 INFO 6380 [egg-security] use noopen middleware
2019-04-30 15:00:06,604 INFO 6380 [egg-security] use nosniff middleware
2019-04-30 15:00:06,605 INFO 6380 [egg-security] use xssProtection middleware
2019-04-30 15:00:06,605 INFO 6380 [egg-security] use xframe middleware
2019-04-30 15:00:06,606 INFO 6380 [egg-security] use dta middleware
2019-04-30 15:00:06,606 INFO 6380 [egg-security] compose 6 middlewares into one security middleware
2019-04-30 15:00:06,632 INFO 6380 [egg:core] dump config after load, 6ms
2019-04-30 15:00:06,635 INFO 6380 [egg-mongoose] starting...
2019-04-30 15:00:06,674 INFO 6380 [egg-mongoose] mongodb://127.0.0.1/shoppingMall connected successfully
2019-04-30 15:00:06,681 INFO 6380 [egg-mongoose] instance[0] start successfully
2019-04-30 15:00:06,686 INFO 6380 [egg-watcher:application] watcher start success
2019-04-30 15:00:06,693 INFO 6380 [egg:core] dump config after ready, 5ms
2019-04-30 15:01:10,396 INFO 6940 [egg:logger] init all loggers with options: {"dir":"C:\\Users\\Administrator\\Desktop\\shop\\server\\logs\\server","encoding":"utf8","env":"local","level":"INFO","consoleLevel":"INFO","disableConsoleAfterReady":false,"outputJSON":false,"buffer":true,"appLogName":"server-web.log","coreLogName":"egg-web.log","agentLogName":"egg-agent.log","errorLogName":"common-error.log","coreLogger":{"consoleLevel":"WARN"},"allowDebugAtProd":false,"type":"application"}
2019-04-30 15:01:10,434 INFO 6940 [egg-multipart] stream mode enable
2019-04-30 15:01:10,738 INFO 6940 [egg-mongoose] connecting mongodb://127.0.0.1/shoppingMall
2019-04-30 15:01:11,030 INFO 6940 [egg-static] starting static serve /public/ -> C:\Users\Administrator\Desktop\shop\server\app\public
2019-04-30 15:01:11,033 INFO 6940 [egg-security] use methodnoallow middleware
2019-04-30 15:01:11,034 INFO 6940 [egg-security] use noopen middleware
2019-04-30 15:01:11,035 INFO 6940 [egg-security] use nosniff middleware
2019-04-30 15:01:11,036 INFO 6940 [egg-security] use xssProtection middleware
2019-04-30 15:01:11,036 INFO 6940 [egg-security] use xframe middleware
2019-04-30 15:01:11,037 INFO 6940 [egg-security] use dta middleware
2019-04-30 15:01:11,037 INFO 6940 [egg-security] compose 6 middlewares into one security middleware
2019-04-30 15:01:11,070 INFO 6940 [egg:core] dump config after load, 8ms
2019-04-30 15:01:11,073 INFO 6940 [egg-mongoose] starting...
2019-04-30 15:01:11,119 INFO 6940 [egg-mongoose] mongodb://127.0.0.1/shoppingMall connected successfully
2019-04-30 15:01:11,127 INFO 6940 [egg-mongoose] instance[0] start successfully
2019-04-30 15:01:11,132 INFO 6940 [egg-watcher:application] watcher start success
2019-04-30 15:01:11,141 INFO 6940 [egg:core] dump config after ready, 7ms
2019-04-30 15:10:23,263 INFO 1588 [egg:logger] init all loggers with options: {"dir":"C:\\Users\\Administrator\\Desktop\\shop\\server\\logs\\server","encoding":"utf8","env":"local","level":"INFO","consoleLevel":"INFO","disableConsoleAfterReady":false,"outputJSON":false,"buffer":true,"appLogName":"server-web.log","coreLogName":"egg-web.log","agentLogName":"egg-agent.log","errorLogName":"common-error.log","coreLogger":{"consoleLevel":"WARN"},"allowDebugAtProd":false,"type":"application"}
2019-04-30 15:10:23,301 INFO 1588 [egg-multipart] stream mode enable
2019-04-30 15:10:23,661 INFO 1588 [egg-mongoose] connecting mongodb://127.0.0.1/shoppingMall
2019-04-30 15:10:23,886 INFO 1588 [egg-static] starting static serve /public/ -> C:\Users\Administrator\Desktop\shop\server\app\public
2019-04-30 15:10:23,888 INFO 1588 [egg-security] use methodnoallow middleware
2019-04-30 15:10:23,889 INFO 1588 [egg-security] use noopen middleware
2019-04-30 15:10:23,890 INFO 1588 [egg-security] use nosniff middleware
2019-04-30 15:10:23,890 INFO 1588 [egg-security] use xssProtection middleware
2019-04-30 15:10:23,891 INFO 1588 [egg-security] use xframe middleware
2019-04-30 15:10:23,891 INFO 1588 [egg-security] use dta middleware
2019-04-30 15:10:23,891 INFO 1588 [egg-security] compose 6 middlewares into one security middleware
2019-04-30 15:10:23,915 INFO 1588 [egg:core] dump config after load, 6ms
2019-04-30 15:10:23,918 INFO 1588 [egg-mongoose] starting...
2019-04-30 15:10:23,966 INFO 1588 [egg-mongoose] mongodb://127.0.0.1/shoppingMall connected successfully
2019-04-30 15:10:23,973 INFO 1588 [egg-mongoose] instance[0] start successfully
2019-04-30 15:10:23,975 INFO 1588 [egg-watcher:application] watcher start success
2019-04-30 15:10:23,985 INFO 1588 [egg:core] dump config after ready, 6ms
2019-04-30 16:00:34,873 INFO 2516 [egg:logger] init all loggers with options: {"dir":"C:\\Users\\Administrator\\Desktop\\shop\\server\\logs\\server","encoding":"utf8","env":"local","level":"INFO","consoleLevel":"INFO","disableConsoleAfterReady":false,"outputJSON":false,"buffer":true,"appLogName":"server-web.log","coreLogName":"egg-web.log","agentLogName":"egg-agent.log","errorLogName":"common-error.log","coreLogger":{"consoleLevel":"WARN"},"allowDebugAtProd":false,"type":"application"}
2019-04-30 16:00:34,907 INFO 2516 [egg-multipart] stream mode enable
2019-04-30 16:00:35,337 INFO 2516 [egg-mongoose] connecting mongodb://127.0.0.1/shoppingMall
2019-04-30 16:00:35,694 INFO 2516 [egg-static] starting static serve /public/ -> C:\Users\Administrator\Desktop\shop\server\app\public
2019-04-30 16:00:35,696 INFO 2516 [egg-security] use methodnoallow middleware
2019-04-30 16:00:35,697 INFO 2516 [egg-security] use noopen middleware
2019-04-30 16:00:35,698 INFO 2516 [egg-security] use nosniff middleware
2019-04-30 16:00:35,699 INFO 2516 [egg-security] use xssProtection middleware
2019-04-30 16:00:35,699 INFO 2516 [egg-security] use xframe middleware
2019-04-30 16:00:35,700 INFO 2516 [egg-security] use dta middleware
2019-04-30 16:00:35,700 INFO 2516 [egg-security] compose 6 middlewares into one security middleware
2019-04-30 16:00:35,724 INFO 2516 [egg:core] dump config after load, 6ms
2019-04-30 16:00:35,728 INFO 2516 [egg-mongoose] starting...
2019-04-30 16:00:35,778 INFO 2516 [egg-mongoose] mongodb://127.0.0.1/shoppingMall connected successfully
2019-04-30 16:00:35,785 INFO 2516 [egg-mongoose] instance[0] start successfully
2019-04-30 16:00:35,787 INFO 2516 [egg-watcher:application] watcher start success
2019-04-30 16:00:35,797 INFO 2516 [egg:core] dump config after ready, 7ms
2019-04-30 16:27:58,964 INFO 1652 [egg:logger] init all loggers with options: {"dir":"C:\\Users\\Administrator\\Desktop\\shop\\server\\logs\\server","encoding":"utf8","env":"local","level":"INFO","consoleLevel":"INFO","disableConsoleAfterReady":false,"outputJSON":false,"buffer":true,"appLogName":"server-web.log","coreLogName":"egg-web.log","agentLogName":"egg-agent.log","errorLogName":"common-error.log","coreLogger":{"consoleLevel":"WARN"},"allowDebugAtProd":false,"type":"application"}
2019-04-30 16:27:59,004 INFO 1652 [egg-multipart] stream mode enable
2019-04-30 16:27:59,447 INFO 1652 [egg-mongoose] connecting mongodb://127.0.0.1/shoppingMall
2019-04-30 16:27:59,766 INFO 1652 [egg-static] starting static serve /public/ -> C:\Users\Administrator\Desktop\shop\server\app\public
2019-04-30 16:27:59,768 INFO 1652 [egg-security] use methodnoallow middleware
2019-04-30 16:27:59,769 INFO 1652 [egg-security] use noopen middleware
2019-04-30 16:27:59,770 INFO 1652 [egg-security] use nosniff middleware
2019-04-30 16:27:59,770 INFO 1652 [egg-security] use xssProtection middleware
2019-04-30 16:27:59,771 INFO 1652 [egg-security] use xframe middleware
2019-04-30 16:27:59,771 INFO 1652 [egg-security] use dta middleware
2019-04-30 16:27:59,771 INFO 1652 [egg-security] compose 6 middlewares into one security middleware
2019-04-30 16:27:59,791 INFO 1652 [egg:core] dump config after load, 7ms
2019-04-30 16:27:59,795 INFO 1652 [egg-mongoose] starting...
2019-04-30 16:27:59,855 INFO 1652 [egg-mongoose] mongodb://127.0.0.1/shoppingMall connected successfully
2019-04-30 16:27:59,867 INFO 1652 [egg-mongoose] instance[0] start successfully
2019-04-30 16:27:59,872 INFO 1652 [egg-watcher:application] watcher start success
2019-04-30 16:27:59,891 INFO 1652 [egg:core] dump config after ready, 17ms
2019-05-08 11:13:01,282 INFO 7920 [egg:logger] init all loggers with options: {"dir":"C:\\Users\\Administrator\\Desktop\\shop\\server\\logs\\server","encoding":"utf8","env":"local","level":"INFO","consoleLevel":"INFO","disableConsoleAfterReady":false,"outputJSON":false,"buffer":true,"appLogName":"server-web.log","coreLogName":"egg-web.log","agentLogName":"egg-agent.log","errorLogName":"common-error.log","coreLogger":{"consoleLevel":"WARN"},"allowDebugAtProd":false,"type":"application"}
2019-05-08 11:13:01,317 INFO 7920 [egg-multipart] stream mode enable
2019-05-08 11:13:01,786 INFO 7920 [egg-mongoose] connecting mongodb://127.0.0.1/shoppingMall
2019-05-08 11:13:02,170 INFO 7920 [egg-static] starting static serve /public/ -> C:\Users\Administrator\Desktop\shop\server\app\public
2019-05-08 11:13:02,173 INFO 7920 [egg-security] use methodnoallow middleware
2019-05-08 11:13:02,174 INFO 7920 [egg-security] use noopen middleware
2019-05-08 11:13:02,175 INFO 7920 [egg-security] use nosniff middleware
2019-05-08 11:13:02,176 INFO 7920 [egg-security] use xssProtection middleware
2019-05-08 11:13:02,176 INFO 7920 [egg-security] use xframe middleware
2019-05-08 11:13:02,177 INFO 7920 [egg-security] use dta middleware
2019-05-08 11:13:02,177 INFO 7920 [egg-security] compose 6 middlewares into one security middleware
2019-05-08 11:13:02,203 INFO 7920 [egg:core] dump config after load, 7ms
2019-05-08 11:13:02,205 INFO 7920 [egg-mongoose] starting...
2019-05-08 11:13:02,244 INFO 7920 [egg-mongoose] mongodb://127.0.0.1/shoppingMall connected successfully
2019-05-08 11:13:02,251 INFO 7920 [egg-mongoose] instance[0] start successfully
2019-05-08 11:13:02,253 INFO 7920 [egg-watcher:application] watcher start success
2019-05-08 11:13:02,265 INFO 7920 [egg:core] dump config after ready, 9ms
2019-05-08 16:19:35,343 INFO 6608 [egg:logger] init all loggers with options: {"dir":"C:\\Users\\Administrator\\Desktop\\shop\\server\\logs\\server","encoding":"utf8","env":"local","level":"INFO","consoleLevel":"INFO","disableConsoleAfterReady":false,"outputJSON":false,"buffer":true,"appLogName":"server-web.log","coreLogName":"egg-web.log","agentLogName":"egg-agent.log","errorLogName":"common-error.log","coreLogger":{"consoleLevel":"WARN"},"allowDebugAtProd":false,"type":"application"}
2019-05-08 16:19:35,395 INFO 6608 [egg-multipart] stream mode enable
2019-05-08 16:19:36,206 INFO 6608 [egg-mongoose] connecting mongodb://127.0.0.1/shoppingMall
2019-05-08 16:19:36,761 INFO 6608 [egg-static] starting static serve /public/ -> C:\Users\Administrator\Desktop\shop\server\app\public
2019-05-08 16:19:36,765 INFO 6608 [egg-security] use methodnoallow middleware
2019-05-08 16:19:36,765 INFO 6608 [egg-security] use noopen middleware
2019-05-08 16:19:36,767 INFO 6608 [egg-security] use nosniff middleware
2019-05-08 16:19:36,767 INFO 6608 [egg-security] use xssProtection middleware
2019-05-08 16:19:36,768 INFO 6608 [egg-security] use xframe middleware
2019-05-08 16:19:36,769 INFO 6608 [egg-security] use dta middleware
2019-05-08 16:19:36,769 INFO 6608 [egg-security] compose 6 middlewares into one security middleware
2019-05-08 16:19:36,812 INFO 6608 [egg:core] dump config after load, 17ms
2019-05-08 16:19:36,816 INFO 6608 [egg-mongoose] starting...
2019-05-08 16:19:36,882 INFO 6608 [egg-mongoose] mongodb://127.0.0.1/shoppingMall connected successfully
2019-05-08 16:19:36,894 INFO 6608 [egg-mongoose] instance[0] start successfully
2019-05-08 16:19:36,897 INFO 6608 [egg-watcher:application] watcher start success
2019-05-08 16:19:36,916 INFO 6608 [egg:core] dump config after ready, 14ms
2019-05-10 08:53:01,754 INFO 3636 [egg:logger] init all loggers with options: {"dir":"C:\\Users\\Administrator\\Desktop\\shop\\server\\logs\\server","encoding":"utf8","env":"local","level":"INFO","consoleLevel":"INFO","disableConsoleAfterReady":false,"outputJSON":false,"buffer":true,"appLogName":"server-web.log","coreLogName":"egg-web.log","agentLogName":"egg-agent.log","errorLogName":"common-error.log","coreLogger":{"consoleLevel":"WARN"},"allowDebugAtProd":false,"type":"application"}
2019-05-10 08:53:01,791 INFO 3636 [egg-multipart] stream mode enable
2019-05-10 08:53:02,221 INFO 3636 [egg-mongoose] connecting mongodb://127.0.0.1/shoppingMall
2019-05-10 08:53:02,558 INFO 3636 [egg-static] starting static serve /public/ -> C:\Users\Administrator\Desktop\shop\server\app\public
2019-05-10 08:53:02,566 INFO 3636 [egg-security] use methodnoallow middleware
2019-05-10 08:53:02,567 INFO 3636 [egg-security] use noopen middleware
2019-05-10 08:53:02,568 INFO 3636 [egg-security] use nosniff middleware
2019-05-10 08:53:02,569 INFO 3636 [egg-security] use xssProtection middleware
2019-05-10 08:53:02,569 INFO 3636 [egg-security] use xframe middleware
2019-05-10 08:53:02,570 INFO 3636 [egg-security] use dta middleware
2019-05-10 08:53:02,570 INFO 3636 [egg-security] compose 6 middlewares into one security middleware
2019-05-10 08:53:02,592 INFO 3636 [egg:core] dump config after load, 5ms
2019-05-10 08:53:02,596 INFO 3636 [egg-mongoose] starting...
2019-05-10 08:53:02,634 INFO 3636 [egg-watcher:application] watcher start success
2019-05-10 08:53:02,638 INFO 3636 [egg-mongoose] mongodb://127.0.0.1/shoppingMall connected successfully
2019-05-10 08:53:02,645 INFO 3636 [egg-mongoose] instance[0] start successfully
2019-05-10 08:53:02,651 INFO 3636 [egg:core] dump config after ready, 5ms
2019-05-10 08:53:17,447 INFO 7048 [egg:logger] init all loggers with options: {"dir":"C:\\Users\\Administrator\\Desktop\\shop\\server\\logs\\server","encoding":"utf8","env":"local","level":"INFO","consoleLevel":"INFO","disableConsoleAfterReady":false,"outputJSON":false,"buffer":true,"appLogName":"server-web.log","coreLogName":"egg-web.log","agentLogName":"egg-agent.log","errorLogName":"common-error.log","coreLogger":{"consoleLevel":"WARN"},"allowDebugAtProd":false,"type":"application"}
2019-05-10 08:53:17,484 INFO 7048 [egg-multipart] stream mode enable
2019-05-10 08:53:17,774 INFO 7048 [egg-mongoose] connecting mongodb://127.0.0.1/shoppingMall
2019-05-10 08:53:18,005 INFO 7048 [egg-static] starting static serve /public/ -> C:\Users\Administrator\Desktop\shop\server\app\public
2019-05-10 08:53:18,008 INFO 7048 [egg-security] use methodnoallow middleware
2019-05-10 08:53:18,008 INFO 7048 [egg-security] use noopen middleware
2019-05-10 08:53:18,009 INFO 7048 [egg-security] use nosniff middleware
2019-05-10 08:53:18,009 INFO 7048 [egg-security] use xssProtection middleware
2019-05-10 08:53:18,010 INFO 7048 [egg-security] use xframe middleware
2019-05-10 08:53:18,010 INFO 7048 [egg-security] use dta middleware
2019-05-10 08:53:18,010 INFO 7048 [egg-security] compose 6 middlewares into one security middleware
2019-05-10 08:53:18,028 INFO 7048 [egg:core] dump config after load, 6ms
2019-05-10 08:53:18,030 INFO 7048 [egg-mongoose] starting...
2019-05-10 08:53:18,066 INFO 7048 [egg-mongoose] mongodb://127.0.0.1/shoppingMall connected successfully
2019-05-10 08:53:18,073 INFO 7048 [egg-mongoose] instance[0] start successfully
2019-05-10 08:53:18,075 INFO 7048 [egg-watcher:application] watcher start success
2019-05-10 08:53:18,087 INFO 7048 [egg:core] dump config after ready, 6ms
2019-07-01 09:48:43,781 INFO 404 [egg:logger] init all loggers with options: {"dir":"C:\\Users\\Administrator\\Desktop\\vue商城项目\\server\\logs\\server","encoding":"utf8","env":"local","level":"INFO","consoleLevel":"INFO","disableConsoleAfterReady":false,"outputJSON":false,"buffer":true,"appLogName":"server-web.log","coreLogName":"egg-web.log","agentLogName":"egg-agent.log","errorLogName":"common-error.log","coreLogger":{"consoleLevel":"WARN"},"allowDebugAtProd":false,"type":"application"}
2019-07-01 09:48:43,808 INFO 404 [egg-multipart] stream mode enable
2019-07-01 09:48:44,102 INFO 404 [egg-mongoose] connecting mongodb://127.0.0.1/shoppingMall
2019-07-01 09:48:44,329 INFO 404 [egg-static] starting static serve /public/ -> C:\Users\Administrator\Desktop\vue商城项目\server\app\public
2019-07-01 09:48:44,332 INFO 404 [egg-security] use methodnoallow middleware
2019-07-01 09:48:44,333 INFO 404 [egg-security] use noopen middleware
2019-07-01 09:48:44,333 INFO 404 [egg-security] use nosniff middleware
2019-07-01 09:48:44,334 INFO 404 [egg-security] use xssProtection middleware
2019-07-01 09:48:44,335 INFO 404 [egg-security] use xframe middleware
2019-07-01 09:48:44,335 INFO 404 [egg-security] use dta middleware
2019-07-01 09:48:44,335 INFO 404 [egg-security] compose 6 middlewares into one security middleware
2019-07-01 09:48:44,360 INFO 404 [egg:core] dump config after load, 9ms
2019-07-01 09:48:44,363 INFO 404 [egg-mongoose] starting...
2019-07-01 09:48:44,412 INFO 404 [egg-mongoose] mongodb://127.0.0.1/shoppingMall connected successfully
2019-07-01 09:48:44,420 INFO 404 [egg-mongoose] instance[0] start successfully
2019-07-01 09:48:44,423 INFO 404 [egg-watcher:application] watcher start success
2019-07-01 09:48:44,436 INFO 404 [egg:core] dump config after ready, 11ms
2019-07-03 14:42:37,659 INFO 9404 [egg:logger] init all loggers with options: {"dir":"C:\\Users\\Administrator\\Desktop\\vue商城项目\\server\\logs\\server","encoding":"utf8","env":"local","level":"INFO","consoleLevel":"INFO","disableConsoleAfterReady":false,"outputJSON":false,"buffer":true,"appLogName":"server-web.log","coreLogName":"egg-web.log","agentLogName":"egg-agent.log","errorLogName":"common-error.log","coreLogger":{"consoleLevel":"WARN"},"allowDebugAtProd":false,"type":"application"}
2019-07-03 14:42:37,688 INFO 9404 [egg-multipart] stream mode enable
2019-07-03 14:42:38,256 INFO 9404 [egg-mongoose] connecting mongodb://127.0.0.1/shoppingMall
2019-07-03 14:42:38,818 INFO 9404 [egg-static] starting static serve /public/ -> C:\Users\Administrator\Desktop\vue商城项目\server\app\public
2019-07-03 14:42:38,824 INFO 9404 [egg-security] use methodnoallow middleware
2019-07-03 14:42:38,826 INFO 9404 [egg-security] use noopen middleware
2019-07-03 14:42:38,827 INFO 9404 [egg-security] use nosniff middleware
2019-07-03 14:42:38,829 INFO 9404 [egg-security] use xssProtection middleware
2019-07-03 14:42:38,829 INFO 9404 [egg-security] use xframe middleware
2019-07-03 14:42:38,831 INFO 9404 [egg-security] use dta middleware
2019-07-03 14:42:38,831 INFO 9404 [egg-security] compose 6 middlewares into one security middleware
2019-07-03 14:42:38,873 INFO 9404 [egg:core] dump config after load, 11ms
2019-07-03 14:42:38,882 INFO 9404 [egg-mongoose] starting...
2019-07-03 14:42:38,939 INFO 9404 [egg-mongoose] mongodb://127.0.0.1/shoppingMall connected successfully
2019-07-03 14:42:38,946 INFO 9404 [egg-mongoose] instance[0] start successfully
2019-07-03 14:42:38,949 INFO 9404 [egg-watcher:application] watcher start success
2019-07-03 14:42:38,962 INFO 9404 [egg:core] dump config after ready, 8ms
2019-07-03 15:24:23,550 INFO 10252 [egg:logger] init all loggers with options: {"dir":"C:\\Users\\Administrator\\Desktop\\vue商城项目\\server\\logs\\server","encoding":"utf8","env":"local","level":"INFO","consoleLevel":"INFO","disableConsoleAfterReady":false,"outputJSON":false,"buffer":true,"appLogName":"server-web.log","coreLogName":"egg-web.log","agentLogName":"egg-agent.log","errorLogName":"common-error.log","coreLogger":{"consoleLevel":"WARN"},"allowDebugAtProd":false,"type":"application"}
2019-07-03 15:24:23,579 INFO 10252 [egg-multipart] stream mode enable
2019-07-03 15:24:24,217 INFO 10252 [egg-mongoose] connecting mongodb://127.0.0.1/shoppingMall
2019-07-03 15:24:24,649 INFO 10252 [egg-static] starting static serve /public/ -> C:\Users\Administrator\Desktop\vue商城项目\server\app\public
2019-07-03 15:24:24,652 INFO 10252 [egg-security] use methodnoallow middleware
2019-07-03 15:24:24,653 INFO 10252 [egg-security] use noopen middleware
2019-07-03 15:24:24,654 INFO 10252 [egg-security] use nosniff middleware
2019-07-03 15:24:24,655 INFO 10252 [egg-security] use xssProtection middleware
2019-07-03 15:24:24,656 INFO 10252 [egg-security] use xframe middleware
2019-07-03 15:24:24,656 INFO 10252 [egg-security] use dta middleware
2019-07-03 15:24:24,656 INFO 10252 [egg-security] compose 6 middlewares into one security middleware
2019-07-03 15:24:24,684 INFO 10252 [egg:core] dump config after load, 7ms
2019-07-03 15:24:24,687 INFO 10252 [egg-mongoose] starting...
2019-07-03 15:24:24,727 INFO 10252 [egg-mongoose] mongodb://127.0.0.1/shoppingMall connected successfully
2019-07-03 15:24:24,735 INFO 10252 [egg-mongoose] instance[0] start successfully
2019-07-03 15:24:24,737 INFO 10252 [egg-watcher:application] watcher start success
2019-07-03 15:24:24,748 INFO 10252 [egg:core] dump config after ready, 7ms
2019-11-04 09:12:28,136 INFO 5540 [egg:logger] init all loggers with options: {"dir":"C:\\Users\\Administrator\\Desktop\\Shopping Mall\\server\\logs\\server","encoding":"utf8","env":"local","level":"INFO","consoleLevel":"INFO","disableConsoleAfterReady":false,"outputJSON":false,"buffer":true,"appLogName":"server-web.log","coreLogName":"egg-web.log","agentLogName":"egg-agent.log","errorLogName":"common-error.log","coreLogger":{"consoleLevel":"WARN"},"allowDebugAtProd":false,"type":"application"}
2019-11-04 09:12:28,180 INFO 5540 [egg-multipart] stream mode enable
2019-11-04 09:12:28,596 INFO 5540 [egg-mongoose] connecting mongodb://127.0.0.1/shoppingMall
2019-11-04 09:12:28,940 INFO 5540 [egg-static] starting static serve /public/ -> C:\Users\Administrator\Desktop\Shopping Mall\server\app\public
2019-11-04 09:12:28,943 INFO 5540 [egg-security] use methodnoallow middleware
2019-11-04 09:12:28,945 INFO 5540 [egg-security] use noopen middleware
2019-11-04 09:12:28,947 INFO 5540 [egg-security] use nosniff middleware
2019-11-04 09:12:28,948 INFO 5540 [egg-security] use xssProtection middleware
2019-11-04 09:12:28,948 INFO 5540 [egg-security] use xframe middleware
2019-11-04 09:12:28,949 INFO 5540 [egg-security] use dta middleware
2019-11-04 09:12:28,949 INFO 5540 [egg-security] compose 6 middlewares into one security middleware
2019-11-04 09:12:28,975 INFO 5540 [egg:core] dump config after load, 7ms
2019-11-04 09:12:28,981 INFO 5540 [egg-mongoose] starting...
2019-11-04 09:12:29,050 INFO 5540 [egg-watcher:application] watcher start success
2019-11-04 09:12:29,059 INFO 5540 [egg-mongoose] mongodb://127.0.0.1/shoppingMall connected successfully
2019-11-04 09:12:29,068 INFO 5540 [egg-mongoose] instance[0] start successfully
2019-11-04 09:12:29,077 INFO 5540 [egg:core] dump config after ready, 6ms
2019-11-04 09:28:02,006 INFO 6292 [egg:logger] init all loggers with options: {"dir":"C:\\Users\\Administrator\\Desktop\\Shopping Mall\\server\\logs\\server","encoding":"utf8","env":"local","level":"INFO","consoleLevel":"INFO","disableConsoleAfterReady":false,"outputJSON":false,"buffer":true,"appLogName":"server-web.log","coreLogName":"egg-web.log","agentLogName":"egg-agent.log","errorLogName":"common-error.log","coreLogger":{"consoleLevel":"WARN"},"allowDebugAtProd":false,"type":"application"}
2019-11-04 09:28:02,060 INFO 6292 [egg-multipart] stream mode enable
2019-11-04 09:28:08,127 INFO 6292 [egg-mongoose] connecting mongodb://127.0.0.1/shoppingMall
2019-11-04 09:28:14,612 INFO 6292 [egg-static] starting static serve /public/ -> C:\Users\Administrator\Desktop\Shopping Mall\server\app\public
2019-11-04 09:28:14,699 INFO 6292 [egg-security] use methodnoallow middleware
2019-11-04 09:28:14,701 INFO 6292 [egg-security] use noopen middleware
2019-11-04 09:28:14,706 INFO 6292 [egg-security] use nosniff middleware
2019-11-04 09:28:14,707 INFO 6292 [egg-security] use xssProtection middleware
2019-11-04 09:28:14,709 INFO 6292 [egg-security] use xframe middleware
2019-11-04 09:28:14,711 INFO 6292 [egg-security] use dta middleware
2019-11-04 09:28:14,711 INFO 6292 [egg-security] compose 6 middlewares into one security middleware
2019-11-04 09:28:15,183 INFO 6292 [egg:core] dump config after load, 7ms
2019-11-04 09:28:15,187 INFO 6292 [egg-mongoose] starting...
2019-11-04 09:28:15,474 INFO 6292 [egg-mongoose] mongodb://127.0.0.1/shoppingMall connected successfully
2019-11-04 09:28:15,483 INFO 6292 [egg-mongoose] instance[0] start successfully
2019-11-04 09:28:15,497 INFO 6292 [egg-watcher:application] watcher start success
2019-11-04 09:28:15,530 INFO 6292 [egg:core] dump config after ready, 31ms
2019-11-05 08:27:37,503 INFO 2052 [egg:logger] init all loggers with options: {"dir":"C:\\Users\\Administrator\\Desktop\\Shopping Mall\\server\\logs\\server","encoding":"utf8","env":"local","level":"INFO","consoleLevel":"INFO","disableConsoleAfterReady":false,"outputJSON":false,"buffer":true,"appLogName":"server-web.log","coreLogName":"egg-web.log","agentLogName":"egg-agent.log","errorLogName":"common-error.log","coreLogger":{"consoleLevel":"WARN"},"allowDebugAtProd":false,"type":"application"}
2019-11-05 08:27:37,536 INFO 2052 [egg-multipart] stream mode enable
2019-11-05 08:27:38,107 INFO 2052 [egg-mongoose] connecting mongodb://127.0.0.1/shoppingMall
2019-11-05 08:27:38,544 INFO 2052 [egg-static] starting static serve /public/ -> C:\Users\Administrator\Desktop\Shopping Mall\server\app\public
2019-11-05 08:27:38,548 INFO 2052 [egg-security] use methodnoallow middleware
2019-11-05 08:27:38,549 INFO 2052 [egg-security] use noopen middleware
2019-11-05 08:27:38,550 INFO 2052 [egg-security] use nosniff middleware
2019-11-05 08:27:38,551 INFO 2052 [egg-security] use xssProtection middleware
2019-11-05 08:27:38,552 INFO 2052 [egg-security] use xframe middleware
2019-11-05 08:27:38,553 INFO 2052 [egg-security] use dta middleware
2019-11-05 08:27:38,553 INFO 2052 [egg-security] compose 6 middlewares into one security middleware
2019-11-05 08:27:38,578 INFO 2052 [egg:core] dump config after load, 5ms
2019-11-05 08:27:38,580 INFO 2052 [egg-mongoose] starting...
2019-11-05 08:27:38,639 INFO 2052 [egg-watcher:application] watcher start success
2019-11-05 08:27:38,654 INFO 2052 [egg-mongoose] mongodb://127.0.0.1/shoppingMall connected successfully
2019-11-05 08:27:38,665 INFO 2052 [egg-mongoose] instance[0] start successfully
2019-11-05 08:27:38,681 INFO 2052 [egg:core] dump config after ready, 13ms
2019-11-05 08:43:50,713 INFO 3764 [egg:logger] init all loggers with options: {"dir":"C:\\Users\\Administrator\\Desktop\\Shopping Mall\\server\\logs\\server","encoding":"utf8","env":"local","level":"INFO","consoleLevel":"INFO","disableConsoleAfterReady":false,"outputJSON":false,"buffer":true,"appLogName":"server-web.log","coreLogName":"egg-web.log","agentLogName":"egg-agent.log","errorLogName":"common-error.log","coreLogger":{"consoleLevel":"WARN"},"allowDebugAtProd":false,"type":"application"}
2019-11-05 08:43:50,741 INFO 3764 [egg-multipart] stream mode enable
2019-11-05 08:43:51,213 INFO 3764 [egg-mongoose] connecting mongodb://127.0.0.1/shoppingMall
2019-11-05 08:43:51,548 INFO 3764 [egg-static] starting static serve /public/ -> C:\Users\Administrator\Desktop\Shopping Mall\server\app\public
2019-11-05 08:43:51,550 INFO 3764 [egg-security] use methodnoallow middleware
2019-11-05 08:43:51,551 INFO 3764 [egg-security] use noopen middleware
2019-11-05 08:43:51,552 INFO 3764 [egg-security] use nosniff middleware
2019-11-05 08:43:51,553 INFO 3764 [egg-security] use xssProtection middleware
2019-11-05 08:43:51,554 INFO 3764 [egg-security] use xframe middleware
2019-11-05 08:43:51,554 INFO 3764 [egg-security] use dta middleware
2019-11-05 08:43:51,554 INFO 3764 [egg-security] compose 6 middlewares into one security middleware
2019-11-05 08:43:51,576 INFO 3764 [egg:core] dump config after load, 5ms
2019-11-05 08:43:51,577 INFO 3764 [egg-mongoose] starting...
2019-11-05 08:43:51,621 INFO 3764 [egg-mongoose] mongodb://127.0.0.1/shoppingMall connected successfully
2019-11-05 08:43:51,628 INFO 3764 [egg-mongoose] instance[0] start successfully
2019-11-05 08:43:51,640 INFO 3764 [egg-watcher:application] watcher start success
2019-11-05 08:43:51,647 INFO 3764 [egg:core] dump config after ready, 5ms
2019-11-05 11:36:24,701 INFO 1344 [egg:logger] init all loggers with options: {"dir":"C:\\Users\\Administrator\\Desktop\\Shopping Mall\\server\\logs\\server","encoding":"utf8","env":"local","level":"INFO","consoleLevel":"INFO","disableConsoleAfterReady":false,"outputJSON":false,"buffer":true,"appLogName":"server-web.log","coreLogName":"egg-web.log","agentLogName":"egg-agent.log","errorLogName":"common-error.log","coreLogger":{"consoleLevel":"WARN"},"allowDebugAtProd":false,"type":"application"}
2019-11-05 11:36:24,728 INFO 1344 [egg-multipart] stream mode enable
2019-11-05 11:36:25,200 INFO 1344 [egg-mongoose] connecting mongodb://127.0.0.1/shoppingMall
2019-11-05 11:36:25,567 INFO 1344 [egg-static] starting static serve /public/ -> C:\Users\Administrator\Desktop\Shopping Mall\server\app\public
2019-11-05 11:36:25,570 INFO 1344 [egg-security] use methodnoallow middleware
2019-11-05 11:36:25,571 INFO 1344 [egg-security] use noopen middleware
2019-11-05 11:36:25,572 INFO 1344 [egg-security] use nosniff middleware
2019-11-05 11:36:25,572 INFO 1344 [egg-security] use xssProtection middleware
2019-11-05 11:36:25,573 INFO 1344 [egg-security] use xframe middleware
2019-11-05 11:36:25,574 INFO 1344 [egg-security] use dta middleware
2019-11-05 11:36:25,574 INFO 1344 [egg-security] compose 6 middlewares into one security middleware
2019-11-05 11:36:25,599 INFO 1344 [egg:core] dump config after load, 4ms
2019-11-05 11:36:25,601 INFO 1344 [egg-mongoose] starting...
2019-11-05 11:36:25,660 INFO 1344 [egg-mongoose] mongodb://127.0.0.1/shoppingMall connected successfully
2019-11-05 11:36:25,668 INFO 1344 [egg-mongoose] instance[0] start successfully
2019-11-05 11:36:25,673 INFO 1344 [egg-watcher:application] watcher start success
2019-11-05 11:36:25,680 INFO 1344 [egg:core] dump config after ready, 5ms
2019-11-06 08:21:37,024 INFO 3560 [egg:logger] init all loggers with options: {"dir":"C:\\Users\\Administrator\\Desktop\\Shopping Mall\\server\\logs\\server","encoding":"utf8","env":"local","level":"INFO","consoleLevel":"INFO","disableConsoleAfterReady":false,"outputJSON":false,"buffer":true,"appLogName":"server-web.log","coreLogName":"egg-web.log","agentLogName":"egg-agent.log","errorLogName":"common-error.log","coreLogger":{"consoleLevel":"WARN"},"allowDebugAtProd":false,"type":"application"}
2019-11-06 08:21:37,052 INFO 3560 [egg-multipart] stream mode enable
2019-11-06 08:21:37,611 INFO 3560 [egg-mongoose] connecting mongodb://127.0.0.1/shoppingMall
2019-11-06 08:21:38,258 INFO 3560 [egg-static] starting static serve /public/ -> C:\Users\Administrator\Desktop\Shopping Mall\server\app\public
2019-11-06 08:21:38,262 INFO 3560 [egg-security] use methodnoallow middleware
2019-11-06 08:21:38,263 INFO 3560 [egg-security] use noopen middleware
2019-11-06 08:21:38,265 INFO 3560 [egg-security] use nosniff middleware
2019-11-06 08:21:38,266 INFO 3560 [egg-security] use xssProtection middleware
2019-11-06 08:21:38,266 INFO 3560 [egg-security] use xframe middleware
2019-11-06 08:21:38,267 INFO 3560 [egg-security] use dta middleware
2019-11-06 08:21:38,267 INFO 3560 [egg-security] compose 6 middlewares into one security middleware
2019-11-06 08:21:38,295 INFO 3560 [egg:core] dump config after load, 6ms
2019-11-06 08:21:38,297 INFO 3560 [egg-mongoose] starting...
2019-11-06 08:21:38,348 INFO 3560 [egg-watcher:application] watcher start success
2019-11-06 08:21:38,351 INFO 3560 [egg-mongoose] mongodb://127.0.0.1/shoppingMall connected successfully
2019-11-06 08:21:38,362 INFO 3560 [egg-mongoose] instance[0] start successfully
2019-11-06 08:21:38,370 INFO 3560 [egg:core] dump config after ready, 4ms
2019-11-07 08:26:05,224 INFO 5768 [egg:logger] init all loggers with options: {"dir":"C:\\Users\\Administrator\\Desktop\\Shopping Mall\\server\\logs\\server","encoding":"utf8","env":"local","level":"INFO","consoleLevel":"INFO","disableConsoleAfterReady":false,"outputJSON":false,"buffer":true,"appLogName":"server-web.log","coreLogName":"egg-web.log","agentLogName":"egg-agent.log","errorLogName":"common-error.log","coreLogger":{"consoleLevel":"WARN"},"allowDebugAtProd":false,"type":"application"}
2019-11-07 08:26:05,252 INFO 5768 [egg-multipart] stream mode enable
2019-11-07 08:26:05,713 INFO 5768 [egg-mongoose] connecting mongodb://127.0.0.1/shoppingMall
2019-11-07 08:26:06,076 INFO 5768 [egg-static] starting static serve /public/ -> C:\Users\Administrator\Desktop\Shopping Mall\server\app\public
2019-11-07 08:26:06,079 INFO 5768 [egg-security] use methodnoallow middleware
2019-11-07 08:26:06,080 INFO 5768 [egg-security] use noopen middleware
2019-11-07 08:26:06,081 INFO 5768 [egg-security] use nosniff middleware
2019-11-07 08:26:06,082 INFO 5768 [egg-security] use xssProtection middleware
2019-11-07 08:26:06,083 INFO 5768 [egg-security] use xframe middleware
2019-11-07 08:26:06,083 INFO 5768 [egg-security] use dta middleware
2019-11-07 08:26:06,083 INFO 5768 [egg-security] compose 6 middlewares into one security middleware
2019-11-07 08:26:06,106 INFO 5768 [egg:core] dump config after load, 5ms
2019-11-07 08:26:06,109 INFO 5768 [egg-mongoose] starting...
2019-11-07 08:26:06,166 INFO 5768 [egg-mongoose] mongodb://127.0.0.1/shoppingMall connected successfully
2019-11-07 08:26:06,181 INFO 5768 [egg-mongoose] instance[0] start successfully
2019-11-07 08:26:06,182 INFO 5768 [egg-watcher:application] watcher start success
2019-11-07 08:26:06,192 INFO 5768 [egg:core] dump config after ready, 6ms
2019-11-08 08:38:11,112 INFO 4712 [egg:logger] init all loggers with options: {"dir":"C:\\Users\\Administrator\\Desktop\\Shopping Mall\\server\\logs\\server","encoding":"utf8","env":"local","level":"INFO","consoleLevel":"INFO","disableConsoleAfterReady":false,"outputJSON":false,"buffer":true,"appLogName":"server-web.log","coreLogName":"egg-web.log","agentLogName":"egg-agent.log","errorLogName":"common-error.log","coreLogger":{"consoleLevel":"WARN"},"allowDebugAtProd":false,"type":"application"}
2019-11-08 08:38:11,140 INFO 4712 [egg-multipart] stream mode enable
2019-11-08 08:38:11,524 INFO 4712 [egg-mongoose] connecting mongodb://127.0.0.1/shoppingMall
2019-11-08 08:38:11,841 INFO 4712 [egg-static] starting static serve /public/ -> C:\Users\Administrator\Desktop\Shopping Mall\server\app\public
2019-11-08 08:38:11,845 INFO 4712 [egg-security] use methodnoallow middleware
2019-11-08 08:38:11,846 INFO 4712 [egg-security] use noopen middleware
2019-11-08 08:38:11,848 INFO 4712 [egg-security] use nosniff middleware
2019-11-08 08:38:11,848 INFO 4712 [egg-security] use xssProtection middleware
2019-11-08 08:38:11,849 INFO 4712 [egg-security] use xframe middleware
2019-11-08 08:38:11,850 INFO 4712 [egg-security] use dta middleware
2019-11-08 08:38:11,850 INFO 4712 [egg-security] compose 6 middlewares into one security middleware
2019-11-08 08:38:11,874 INFO 4712 [egg:core] dump config after load, 5ms
2019-11-08 08:38:11,878 INFO 4712 [egg-mongoose] starting...
2019-11-08 08:38:11,937 INFO 4712 [egg-mongoose] mongodb://127.0.0.1/shoppingMall connected successfully
2019-11-08 08:38:11,949 INFO 4712 [egg-mongoose] instance[0] start successfully
2019-11-08 08:38:11,951 INFO 4712 [egg-watcher:application] watcher start success
2019-11-08 08:38:11,961 INFO 4712 [egg:core] dump config after ready, 6ms
2019-11-08 08:41:36,064 INFO 3672 [egg:logger] init all loggers with options: {"dir":"C:\\Users\\Administrator\\Desktop\\Shopping Mall\\server\\logs\\server","encoding":"utf8","env":"local","level":"INFO","consoleLevel":"INFO","disableConsoleAfterReady":false,"outputJSON":false,"buffer":true,"appLogName":"server-web.log","coreLogName":"egg-web.log","agentLogName":"egg-agent.log","errorLogName":"common-error.log","coreLogger":{"consoleLevel":"WARN"},"allowDebugAtProd":false,"type":"application"}
2019-11-08 08:41:36,097 INFO 3672 [egg-multipart] stream mode enable
2019-11-08 08:41:36,492 INFO 3672 [egg-mongoose] connecting mongodb://127.0.0.1/shoppingMall
2019-11-08 08:41:36,812 INFO 3672 [egg-static] starting static serve /public/ -> C:\Users\Administrator\Desktop\Shopping Mall\server\app\public
2019-11-08 08:41:36,816 INFO 3672 [egg-security] use methodnoallow middleware
2019-11-08 08:41:36,817 INFO 3672 [egg-security] use noopen middleware
2019-11-08 08:41:36,818 INFO 3672 [egg-security] use nosniff middleware
2019-11-08 08:41:36,819 INFO 3672 [egg-security] use xssProtection middleware
2019-11-08 08:41:36,820 INFO 3672 [egg-security] use xframe middleware
2019-11-08 08:41:36,820 INFO 3672 [egg-security] use dta middleware
2019-11-08 08:41:36,820 INFO 3672 [egg-security] compose 6 middlewares into one security middleware
2019-11-08 08:41:36,842 INFO 3672 [egg:core] dump config after load, 5ms
2019-11-08 08:41:36,845 INFO 3672 [egg-mongoose] starting...
2019-11-08 08:41:36,891 INFO 3672 [egg-mongoose] mongodb://127.0.0.1/shoppingMall connected successfully
2019-11-08 08:41:36,902 INFO 3672 [egg-mongoose] instance[0] start successfully
2019-11-08 08:41:36,907 INFO 3672 [egg-watcher:application] watcher start success
2019-11-08 08:41:36,920 INFO 3672 [egg:core] dump config after ready, 8ms
2019-11-08 08:54:38,526 INFO 5868 [egg:logger] init all loggers with options: {"dir":"C:\\Users\\Administrator\\Desktop\\Shopping Mall\\server\\logs\\server","encoding":"utf8","env":"local","level":"INFO","consoleLevel":"INFO","disableConsoleAfterReady":false,"outputJSON":false,"buffer":true,"appLogName":"server-web.log","coreLogName":"egg-web.log","agentLogName":"egg-agent.log","errorLogName":"common-error.log","coreLogger":{"consoleLevel":"WARN"},"allowDebugAtProd":false,"type":"application"}
2019-11-08 08:54:38,554 INFO 5868 [egg-multipart] stream mode enable
2019-11-08 08:54:39,045 INFO 5868 [egg-mongoose] connecting mongodb://127.0.0.1/shoppingMall
2019-11-08 08:54:39,468 INFO 5868 [egg-static] starting static serve /public/ -> C:\Users\Administrator\Desktop\Shopping Mall\server\app\public
2019-11-08 08:54:39,472 INFO 5868 [egg-security] use methodnoallow middleware
2019-11-08 08:54:39,472 INFO 5868 [egg-security] use noopen middleware
2019-11-08 08:54:39,475 INFO 5868 [egg-security] use nosniff middleware
2019-11-08 08:54:39,475 INFO 5868 [egg-security] use xssProtection middleware
2019-11-08 08:54:39,476 INFO 5868 [egg-security] use xframe middleware
2019-11-08 08:54:39,476 INFO 5868 [egg-security] use dta middleware
2019-11-08 08:54:39,476 INFO 5868 [egg-security] compose 6 middlewares into one security middleware
2019-11-08 08:54:39,503 INFO 5868 [egg:core] dump config after load, 4ms
2019-11-08 08:54:39,506 INFO 5868 [egg-mongoose] starting...
2019-11-08 08:54:39,562 INFO 5868 [egg-mongoose] mongodb://127.0.0.1/shoppingMall connected successfully
2019-11-08 08:54:39,575 INFO 5868 [egg-mongoose] instance[0] start successfully
2019-11-08 08:54:39,580 INFO 5868 [egg-watcher:application] watcher start success
2019-11-08 08:54:39,588 INFO 5868 [egg:core] dump config after ready, 6ms
2019-11-09 08:33:03,944 INFO 2132 [egg:logger] init all loggers with options: {"dir":"C:\\Users\\Administrator\\Desktop\\Shopping Mall\\server\\logs\\server","encoding":"utf8","env":"local","level":"INFO","consoleLevel":"INFO","disableConsoleAfterReady":false,"outputJSON":false,"buffer":true,"appLogName":"server-web.log","coreLogName":"egg-web.log","agentLogName":"egg-agent.log","errorLogName":"common-error.log","coreLogger":{"consoleLevel":"WARN"},"allowDebugAtProd":false,"type":"application"}
2019-11-09 08:33:03,972 INFO 2132 [egg-multipart] stream mode enable
2019-11-09 08:33:04,574 INFO 2132 [egg-mongoose] connecting mongodb://127.0.0.1/shoppingMall
2019-11-09 08:33:05,135 INFO 2132 [egg-static] starting static serve /public/ -> C:\Users\Administrator\Desktop\Shopping Mall\server\app\public
2019-11-09 08:33:05,139 INFO 2132 [egg-security] use methodnoallow middleware
2019-11-09 08:33:05,140 INFO 2132 [egg-security] use noopen middleware
2019-11-09 08:33:05,143 INFO 2132 [egg-security] use nosniff middleware
2019-11-09 08:33:05,144 INFO 2132 [egg-security] use xssProtection middleware
2019-11-09 08:33:05,145 INFO 2132 [egg-security] use xframe middleware
2019-11-09 08:33:05,146 INFO 2132 [egg-security] use dta middleware
2019-11-09 08:33:05,146 INFO 2132 [egg-security] compose 6 middlewares into one security middleware
2019-11-09 08:33:05,178 INFO 2132 [egg:core] dump config after load, 6ms
2019-11-09 08:33:05,181 INFO 2132 [egg-mongoose] starting...
2019-11-09 08:33:05,246 INFO 2132 [egg-watcher:application] watcher start success
2019-11-09 08:33:05,249 INFO 2132 [egg-mongoose] mongodb://127.0.0.1/shoppingMall connected successfully
2019-11-09 08:33:05,256 INFO 2132 [egg-mongoose] instance[0] start successfully
2019-11-09 08:33:05,263 INFO 2132 [egg:core] dump config after ready, 5ms
2019-11-09 09:11:12,657 INFO 1308 [egg:logger] init all loggers with options: {"dir":"C:\\Users\\Administrator\\Desktop\\Shopping Mall\\server\\logs\\server","encoding":"utf8","env":"local","level":"INFO","consoleLevel":"INFO","disableConsoleAfterReady":false,"outputJSON":false,"buffer":true,"appLogName":"server-web.log","coreLogName":"egg-web.log","agentLogName":"egg-agent.log","errorLogName":"common-error.log","coreLogger":{"consoleLevel":"WARN"},"allowDebugAtProd":false,"type":"application"}
2019-11-09 09:11:12,684 INFO 1308 [egg-multipart] stream mode enable
2019-11-09 09:11:13,162 INFO 1308 [egg-mongoose] connecting mongodb://127.0.0.1/shoppingMall
2019-11-09 09:11:13,587 INFO 1308 [egg-static] starting static serve /public/ -> C:\Users\Administrator\Desktop\Shopping Mall\server\app\public
2019-11-09 09:11:13,591 INFO 1308 [egg-security] use methodnoallow middleware
2019-11-09 09:11:13,592 INFO 1308 [egg-security] use noopen middleware
2019-11-09 09:11:13,594 INFO 1308 [egg-security] use nosniff middleware
2019-11-09 09:11:13,595 INFO 1308 [egg-security] use xssProtection middleware
2019-11-09 09:11:13,595 INFO 1308 [egg-security] use xframe middleware
2019-11-09 09:11:13,596 INFO 1308 [egg-security] use dta middleware
2019-11-09 09:11:13,596 INFO 1308 [egg-security] compose 6 middlewares into one security middleware
2019-11-09 09:11:13,622 INFO 1308 [egg:core] dump config after load, 5ms
2019-11-09 09:11:13,626 INFO 1308 [egg-mongoose] starting...
2019-11-09 09:11:13,681 INFO 1308 [egg-mongoose] mongodb://127.0.0.1/shoppingMall connected successfully
2019-11-09 09:11:13,695 INFO 1308 [egg-mongoose] instance[0] start successfully
2019-11-09 09:11:13,697 INFO 1308 [egg-watcher:application] watcher start success
2019-11-09 09:11:13,707 INFO 1308 [egg:core] dump config after ready, 7ms
2019-11-09 09:17:33,317 INFO 4544 [egg:logger] init all loggers with options: {"dir":"C:\\Users\\Administrator\\Desktop\\Shopping Mall\\server\\logs\\server","encoding":"utf8","env":"local","level":"INFO","consoleLevel":"INFO","disableConsoleAfterReady":false,"outputJSON":false,"buffer":true,"appLogName":"server-web.log","coreLogName":"egg-web.log","agentLogName":"egg-agent.log","errorLogName":"common-error.log","coreLogger":{"consoleLevel":"WARN"},"allowDebugAtProd":false,"type":"application"}
2019-11-09 09:17:33,344 INFO 4544 [egg-multipart] stream mode enable
2019-11-09 09:17:33,701 INFO 4544 [egg-mongoose] connecting mongodb://127.0.0.1/shoppingMall
2019-11-09 09:17:34,062 INFO 4544 [egg-static] starting static serve /public/ -> C:\Users\Administrator\Desktop\Shopping Mall\server\app\public
2019-11-09 09:17:34,066 INFO 4544 [egg-security] use methodnoallow middleware
2019-11-09 09:17:34,067 INFO 4544 [egg-security] use noopen middleware
2019-11-09 09:17:34,069 INFO 4544 [egg-security] use nosniff middleware
2019-11-09 09:17:34,069 INFO 4544 [egg-security] use xssProtection middleware
2019-11-09 09:17:34,070 INFO 4544 [egg-security] use xframe middleware
2019-11-09 09:17:34,070 INFO 4544 [egg-security] use dta middleware
2019-11-09 09:17:34,070 INFO 4544 [egg-security] compose 6 middlewares into one security middleware
2019-11-09 09:17:34,092 INFO 4544 [egg:core] dump config after load, 4ms
2019-11-09 09:17:34,096 INFO 4544 [egg-mongoose] starting...
2019-11-09 09:17:34,152 INFO 4544 [egg-mongoose] mongodb://127.0.0.1/shoppingMall connected successfully
2019-11-09 09:17:34,165 INFO 4544 [egg-mongoose] instance[0] start successfully
2019-11-09 09:17:34,169 INFO 4544 [egg-watcher:application] watcher start success
2019-11-09 09:17:34,177 INFO 4544 [egg:core] dump config after ready, 7ms
2019-11-09 09:21:59,980 INFO 4344 [egg:logger] init all loggers with options: {"dir":"C:\\Users\\Administrator\\Desktop\\Shopping Mall\\server\\logs\\server","encoding":"utf8","env":"local","level":"INFO","consoleLevel":"INFO","disableConsoleAfterReady":false,"outputJSON":false,"buffer":true,"appLogName":"server-web.log","coreLogName":"egg-web.log","agentLogName":"egg-agent.log","errorLogName":"common-error.log","coreLogger":{"consoleLevel":"WARN"},"allowDebugAtProd":false,"type":"application"}
2019-11-09 09:22:00,013 INFO 4344 [egg-multipart] stream mode enable
2019-11-09 09:22:00,584 INFO 4344 [egg-mongoose] connecting mongodb://127.0.0.1/shoppingMall
2019-11-09 09:22:01,079 INFO 4344 [egg-static] starting static serve /public/ -> C:\Users\Administrator\Desktop\Shopping Mall\server\app\public
2019-11-09 09:22:01,084 INFO 4344 [egg-security] use methodnoallow middleware
2019-11-09 09:22:01,085 INFO 4344 [egg-security] use noopen middleware
2019-11-09 09:22:01,087 INFO 4344 [egg-security] use nosniff middleware
2019-11-09 09:22:01,088 INFO 4344 [egg-security] use xssProtection middleware
2019-11-09 09:22:01,088 INFO 4344 [egg-security] use xframe middleware
2019-11-09 09:22:01,089 INFO 4344 [egg-security] use dta middleware
2019-11-09 09:22:01,089 INFO 4344 [egg-security] compose 6 middlewares into one security middleware
2019-11-09 09:22:01,118 INFO 4344 [egg:core] dump config after load, 5ms
2019-11-09 09:22:01,122 INFO 4344 [egg-mongoose] starting...
2019-11-09 09:22:01,183 INFO 4344 [egg-mongoose] mongodb://127.0.0.1/shoppingMall connected successfully
2019-11-09 09:22:01,198 INFO 4344 [egg-mongoose] instance[0] start successfully
2019-11-09 09:22:01,200 INFO 4344 [egg-watcher:application] watcher start success
2019-11-09 09:22:01,211 INFO 4344 [egg:core] dump config after ready, 7ms
2019-11-09 09:40:34,051 INFO 5752 [egg:logger] init all loggers with options: {"dir":"C:\\Users\\Administrator\\Desktop\\Shopping Mall\\server\\logs\\server","encoding":"utf8","env":"local","level":"INFO","consoleLevel":"INFO","disableConsoleAfterReady":false,"outputJSON":false,"buffer":true,"appLogName":"server-web.log","coreLogName":"egg-web.log","agentLogName":"egg-agent.log","errorLogName":"common-error.log","coreLogger":{"consoleLevel":"WARN"},"allowDebugAtProd":false,"type":"application"}
2019-11-09 09:40:34,080 INFO 5752 [egg-multipart] stream mode enable
2019-11-09 09:40:34,725 INFO 5752 [egg-mongoose] connecting mongodb://127.0.0.1/shoppingMall
2019-11-09 09:40:35,270 INFO 5752 [egg-static] starting static serve /public/ -> C:\Users\Administrator\Desktop\Shopping Mall\server\app\public
2019-11-09 09:40:35,275 INFO 5752 [egg-security] use methodnoallow middleware
2019-11-09 09:40:35,276 INFO 5752 [egg-security] use noopen middleware
2019-11-09 09:40:35,279 INFO 5752 [egg-security] use nosniff middleware
2019-11-09 09:40:35,280 INFO 5752 [egg-security] use xssProtection middleware
2019-11-09 09:40:35,281 INFO 5752 [egg-security] use xframe middleware
2019-11-09 09:40:35,282 INFO 5752 [egg-security] use dta middleware
2019-11-09 09:40:35,282 INFO 5752 [egg-security] compose 6 middlewares into one security middleware
2019-11-09 09:40:35,313 INFO 5752 [egg:core] dump config after load, 5ms
2019-11-09 09:40:35,316 INFO 5752 [egg-mongoose] starting...
2019-11-09 09:40:35,375 INFO 5752 [egg-watcher:application] watcher start success
2019-11-09 09:40:35,379 INFO 5752 [egg-mongoose] mongodb://127.0.0.1/shoppingMall connected successfully
2019-11-09 09:40:35,391 INFO 5752 [egg-mongoose] instance[0] start successfully
2019-11-09 09:40:35,398 INFO 5752 [egg:core] dump config after ready, 5ms
2019-11-09 10:12:30,576 INFO 4924 [egg:logger] init all loggers with options: {"dir":"C:\\Users\\Administrator\\Desktop\\Shopping Mall\\server\\logs\\server","encoding":"utf8","env":"local","level":"INFO","consoleLevel":"INFO","disableConsoleAfterReady":false,"outputJSON":false,"buffer":true,"appLogName":"server-web.log","coreLogName":"egg-web.log","agentLogName":"egg-agent.log","errorLogName":"common-error.log","coreLogger":{"consoleLevel":"WARN"},"allowDebugAtProd":false,"type":"application"}
2019-11-09 10:12:30,603 INFO 4924 [egg-multipart] stream mode enable
2019-11-09 10:12:31,073 INFO 4924 [egg-mongoose] connecting mongodb://127.0.0.1/shoppingMall
2019-11-09 10:12:31,559 INFO 4924 [egg-static] starting static serve /public/ -> C:\Users\Administrator\Desktop\Shopping Mall\server\app\public
2019-11-09 10:12:31,562 INFO 4924 [egg-security] use methodnoallow middleware
2019-11-09 10:12:31,563 INFO 4924 [egg-security] use noopen middleware
2019-11-09 10:12:31,565 INFO 4924 [egg-security] use nosniff middleware
2019-11-09 10:12:31,566 INFO 4924 [egg-security] use xssProtection middleware
2019-11-09 10:12:31,566 INFO 4924 [egg-security] use xframe middleware
2019-11-09 10:12:31,567 INFO 4924 [egg-security] use dta middleware
2019-11-09 10:12:31,567 INFO 4924 [egg-security] compose 6 middlewares into one security middleware
2019-11-09 10:12:31,591 INFO 4924 [egg:core] dump config after load, 4ms
2019-11-09 10:12:31,594 INFO 4924 [egg-mongoose] starting...
2019-11-09 10:12:31,654 INFO 4924 [egg-mongoose] mongodb://127.0.0.1/shoppingMall connected successfully
2019-11-09 10:12:31,672 INFO 4924 [egg-mongoose] instance[0] start successfully
2019-11-09 10:12:31,676 INFO 4924 [egg-watcher:application] watcher start success
2019-11-09 10:12:31,683 INFO 4924 [egg:core] dump config after ready, 5ms
2019-11-11 08:42:28,623 INFO 4112 [egg:logger] init all loggers with options: {"dir":"C:\\Users\\Administrator\\Desktop\\Shopping Mall\\server\\logs\\server","encoding":"utf8","env":"local","level":"INFO","consoleLevel":"INFO","disableConsoleAfterReady":false,"outputJSON":false,"buffer":true,"appLogName":"server-web.log","coreLogName":"egg-web.log","agentLogName":"egg-agent.log","errorLogName":"common-error.log","coreLogger":{"consoleLevel":"WARN"},"allowDebugAtProd":false,"type":"application"}
2019-11-11 08:42:28,652 INFO 4112 [egg-multipart] stream mode enable
2019-11-11 08:42:29,175 INFO 4112 [egg-mongoose] connecting mongodb://127.0.0.1/shoppingMall
2019-11-11 08:42:29,620 INFO 4112 [egg-static] starting static serve /public/ -> C:\Users\Administrator\Desktop\Shopping Mall\server\app\public
2019-11-11 08:42:29,624 INFO 4112 [egg-security] use methodnoallow middleware
2019-11-11 08:42:29,625 INFO 4112 [egg-security] use noopen middleware
2019-11-11 08:42:29,627 INFO 4112 [egg-security] use nosniff middleware
2019-11-11 08:42:29,627 INFO 4112 [egg-security] use xssProtection middleware
2019-11-11 08:42:29,628 INFO 4112 [egg-security] use xframe middleware
2019-11-11 08:42:29,629 INFO 4112 [egg-security] use dta middleware
2019-11-11 08:42:29,629 INFO 4112 [egg-security] compose 6 middlewares into one security middleware
2019-11-11 08:42:29,653 INFO 4112 [egg:core] dump config after load, 4ms
2019-11-11 08:42:29,659 INFO 4112 [egg-mongoose] starting...
2019-11-11 08:42:29,738 INFO 4112 [egg-mongoose] mongodb://127.0.0.1/shoppingMall connected successfully
2019-11-11 08:42:29,748 INFO 4112 [egg-mongoose] instance[0] start successfully
2019-11-11 08:42:29,750 INFO 4112 [egg-watcher:application] watcher start success
2019-11-11 08:42:29,758 INFO 4112 [egg:core] dump config after ready, 6ms
2019-11-12 08:34:37,376 INFO 2760 [egg:logger] init all loggers with options: {"dir":"C:\\Users\\Administrator\\Desktop\\Shopping Mall\\server\\logs\\server","encoding":"utf8","env":"local","level":"INFO","consoleLevel":"INFO","disableConsoleAfterReady":false,"outputJSON":false,"buffer":true,"appLogName":"server-web.log","coreLogName":"egg-web.log","agentLogName":"egg-agent.log","errorLogName":"common-error.log","coreLogger":{"consoleLevel":"WARN"},"allowDebugAtProd":false,"type":"application"}
2019-11-12 08:34:37,403 INFO 2760 [egg-multipart] stream mode enable
2019-11-12 08:34:37,901 INFO 2760 [egg-mongoose] connecting mongodb://127.0.0.1/shoppingMall
2019-11-12 08:34:38,329 INFO 2760 [egg-static] starting static serve /public/ -> C:\Users\Administrator\Desktop\Shopping Mall\server\app\public
2019-11-12 08:34:38,333 INFO 2760 [egg-security] use methodnoallow middleware
2019-11-12 08:34:38,334 INFO 2760 [egg-security] use noopen middleware
2019-11-12 08:34:38,336 INFO 2760 [egg-security] use nosniff middleware
2019-11-12 08:34:38,337 INFO 2760 [egg-security] use xssProtection middleware
2019-11-12 08:34:38,338 INFO 2760 [egg-security] use xframe middleware
2019-11-12 08:34:38,338 INFO 2760 [egg-security] use dta middleware
2019-11-12 08:34:38,339 INFO 2760 [egg-security] compose 6 middlewares into one security middleware
2019-11-12 08:34:38,366 INFO 2760 [egg:core] dump config after load, 5ms
2019-11-12 08:34:38,370 INFO 2760 [egg-mongoose] starting...
2019-11-12 08:34:38,433 INFO 2760 [egg-watcher:application] watcher start success
2019-11-12 08:34:38,437 INFO 2760 [egg-mongoose] mongodb://127.0.0.1/shoppingMall connected successfully
2019-11-12 08:34:38,448 INFO 2760 [egg-mongoose] instance[0] start successfully
2019-11-12 08:34:38,457 INFO 2760 [egg:core] dump config after ready, 6ms
2019-11-13 08:33:12,699 INFO 5652 [egg:logger] init all loggers with options: {"dir":"C:\\Users\\Administrator\\Desktop\\Shopping Mall\\server\\logs\\server","encoding":"utf8","env":"local","level":"INFO","consoleLevel":"INFO","disableConsoleAfterReady":false,"outputJSON":false,"buffer":true,"appLogName":"server-web.log","coreLogName":"egg-web.log","agentLogName":"egg-agent.log","errorLogName":"common-error.log","coreLogger":{"consoleLevel":"WARN"},"allowDebugAtProd":false,"type":"application"}
2019-11-13 08:33:12,727 INFO 5652 [egg-multipart] stream mode enable
2019-11-13 08:33:13,206 INFO 5652 [egg-mongoose] connecting mongodb://127.0.0.1/shoppingMall
2019-11-13 08:33:13,623 INFO 5652 [egg-static] starting static serve /public/ -> C:\Users\Administrator\Desktop\Shopping Mall\server\app\public
2019-11-13 08:33:13,627 INFO 5652 [egg-security] use methodnoallow middleware
2019-11-13 08:33:13,627 INFO 5652 [egg-security] use noopen middleware
2019-11-13 08:33:13,629 INFO 5652 [egg-security] use nosniff middleware
2019-11-13 08:33:13,630 INFO 5652 [egg-security] use xssProtection middleware
2019-11-13 08:33:13,630 INFO 5652 [egg-security] use xframe middleware
2019-11-13 08:33:13,631 INFO 5652 [egg-security] use dta middleware
2019-11-13 08:33:13,631 INFO 5652 [egg-security] compose 6 middlewares into one security middleware
2019-11-13 08:33:13,665 INFO 5652 [egg:core] dump config after load, 12ms
2019-11-13 08:33:13,668 INFO 5652 [egg-mongoose] starting...
2019-11-13 08:33:13,733 INFO 5652 [egg-mongoose] mongodb://127.0.0.1/shoppingMall connected successfully
2019-11-13 08:33:13,739 INFO 5652 [egg-mongoose] instance[0] start successfully
2019-11-13 08:33:13,741 INFO 5652 [egg-watcher:application] watcher start success
2019-11-13 08:33:13,751 INFO 5652 [egg:core] dump config after ready, 7ms
2019-11-13 18:26:09,099 INFO 12700 [egg:logger] init all loggers with options: {"dir":"C:\\Users\\Administrator\\Desktop\\Shopping Mall\\server\\logs\\server","encoding":"utf8","env":"local","level":"INFO","consoleLevel":"INFO","disableConsoleAfterReady":false,"outputJSON":false,"buffer":true,"appLogName":"server-web.log","coreLogName":"egg-web.log","agentLogName":"egg-agent.log","errorLogName":"common-error.log","coreLogger":{"consoleLevel":"WARN"},"allowDebugAtProd":false,"type":"application"}
2019-11-13 18:26:09,127 INFO 12700 [egg-multipart] stream mode enable
2019-11-13 18:26:09,650 INFO 12700 [egg-mongoose] connecting mongodb://127.0.0.1/shoppingMall
2019-11-13 18:26:10,115 INFO 12700 [egg-static] starting static serve /public/ -> C:\Users\Administrator\Desktop\Shopping Mall\server\app\public
2019-11-13 18:26:10,119 INFO 12700 [egg-security] use methodnoallow middleware
2019-11-13 18:26:10,120 INFO 12700 [egg-security] use noopen middleware
2019-11-13 18:26:10,122 INFO 12700 [egg-security] use nosniff middleware
2019-11-13 18:26:10,123 INFO 12700 [egg-security] use xssProtection middleware
2019-11-13 18:26:10,123 INFO 12700 [egg-security] use xframe middleware
2019-11-13 18:26:10,124 INFO 12700 [egg-security] use dta middleware
2019-11-13 18:26:10,124 INFO 12700 [egg-security] compose 6 middlewares into one security middleware
2019-11-13 18:26:10,152 INFO 12700 [egg:core] dump config after load, 5ms
2019-11-13 18:26:10,156 INFO 12700 [egg-mongoose] starting...
2019-11-13 18:26:10,230 INFO 12700 [egg-mongoose] mongodb://127.0.0.1/shoppingMall connected successfully
2019-11-13 18:26:10,243 INFO 12700 [egg-mongoose] instance[0] start successfully
2019-11-13 18:26:10,244 INFO 12700 [egg-watcher:application] watcher start success
2019-11-13 18:26:10,256 INFO 12700 [egg:core] dump config after ready, 8ms
2019-11-14 08:32:45,000 INFO 4676 [egg:logger] init all loggers with options: {"dir":"C:\\Users\\Administrator\\Desktop\\Shopping Mall\\server\\logs\\server","encoding":"utf8","env":"local","level":"INFO","consoleLevel":"INFO","disableConsoleAfterReady":false,"outputJSON":false,"buffer":true,"appLogName":"server-web.log","coreLogName":"egg-web.log","agentLogName":"egg-agent.log","errorLogName":"common-error.log","coreLogger":{"consoleLevel":"WARN"},"allowDebugAtProd":false,"type":"application"}
2019-11-14 08:32:45,028 INFO 4676 [egg-multipart] stream mode enable
2019-11-14 08:32:45,507 INFO 4676 [egg-mongoose] connecting mongodb://127.0.0.1/shoppingMall
2019-11-14 08:32:45,928 INFO 4676 [egg-static] starting static serve /public/ -> C:\Users\Administrator\Desktop\Shopping Mall\server\app\public
2019-11-14 08:32:45,931 INFO 4676 [egg-security] use methodnoallow middleware
2019-11-14 08:32:45,932 INFO 4676 [egg-security] use noopen middleware
2019-11-14 08:32:45,934 INFO 4676 [egg-security] use nosniff middleware
2019-11-14 08:32:45,935 INFO 4676 [egg-security] use xssProtection middleware
2019-11-14 08:32:45,936 INFO 4676 [egg-security] use xframe middleware
2019-11-14 08:32:45,936 INFO 4676 [egg-security] use dta middleware
2019-11-14 08:32:45,936 INFO 4676 [egg-security] compose 6 middlewares into one security middleware
2019-11-14 08:32:45,962 INFO 4676 [egg:core] dump config after load, 5ms
2019-11-14 08:32:45,966 INFO 4676 [egg-mongoose] starting...
2019-11-14 08:32:46,032 INFO 4676 [egg-mongoose] mongodb://127.0.0.1/shoppingMall connected successfully
2019-11-14 08:32:46,038 INFO 4676 [egg-mongoose] instance[0] start successfully
2019-11-14 08:32:46,039 INFO 4676 [egg-watcher:application] watcher start success
2019-11-14 08:32:46,048 INFO 4676 [egg:core] dump config after ready, 5ms
2019-11-15 08:33:29,482 INFO 4276 [egg:logger] init all loggers with options: {"dir":"C:\\Users\\Administrator\\Desktop\\Shopping Mall\\server\\logs\\server","encoding":"utf8","env":"local","level":"INFO","consoleLevel":"INFO","disableConsoleAfterReady":false,"outputJSON":false,"buffer":true,"appLogName":"server-web.log","coreLogName":"egg-web.log","agentLogName":"egg-agent.log","errorLogName":"common-error.log","coreLogger":{"consoleLevel":"WARN"},"allowDebugAtProd":false,"type":"application"}
2019-11-15 08:33:29,511 INFO 4276 [egg-multipart] stream mode enable
2019-11-15 08:33:29,980 INFO 4276 [egg-mongoose] connecting mongodb://127.0.0.1/shoppingMall
2019-11-15 08:33:30,387 INFO 4276 [egg-static] starting static serve /public/ -> C:\Users\Administrator\Desktop\Shopping Mall\server\app\public
2019-11-15 08:33:30,391 INFO 4276 [egg-security] use methodnoallow middleware
2019-11-15 08:33:30,392 INFO 4276 [egg-security] use noopen middleware
2019-11-15 08:33:30,394 INFO 4276 [egg-security] use nosniff middleware
2019-11-15 08:33:30,394 INFO 4276 [egg-security] use xssProtection middleware
2019-11-15 08:33:30,395 INFO 4276 [egg-security] use xframe middleware
2019-11-15 08:33:30,395 INFO 4276 [egg-security] use dta middleware
2019-11-15 08:33:30,395 INFO 4276 [egg-security] compose 6 middlewares into one security middleware
2019-11-15 08:33:30,421 INFO 4276 [egg:core] dump config after load, 5ms
2019-11-15 08:33:30,425 INFO 4276 [egg-mongoose] starting...
2019-11-15 08:33:30,493 INFO 4276 [egg-mongoose] mongodb://127.0.0.1/shoppingMall connected successfully
2019-11-15 08:33:30,504 INFO 4276 [egg-mongoose] instance[0] start successfully
2019-11-15 08:33:30,505 INFO 4276 [egg-watcher:application] watcher start success
2019-11-15 08:33:30,515 INFO 4276 [egg:core] dump config after ready, 5ms
2019-11-15 08:39:40,436 INFO 4332 [egg:logger] init all loggers with options: {"dir":"C:\\Users\\Administrator\\Desktop\\Shopping Mall\\server\\logs\\server","encoding":"utf8","env":"local","level":"INFO","consoleLevel":"INFO","disableConsoleAfterReady":false,"outputJSON":false,"buffer":true,"appLogName":"server-web.log","coreLogName":"egg-web.log","agentLogName":"egg-agent.log","errorLogName":"common-error.log","coreLogger":{"consoleLevel":"WARN"},"allowDebugAtProd":false,"type":"application"}
2019-11-15 08:39:40,464 INFO 4332 [egg-multipart] stream mode enable
2019-11-15 08:39:40,825 INFO 4332 [egg-mongoose] connecting mongodb://127.0.0.1/shoppingMall
2019-11-15 08:39:41,142 INFO 4332 [egg-static] starting static serve /public/ -> C:\Users\Administrator\Desktop\Shopping Mall\server\app\public
2019-11-15 08:39:41,145 INFO 4332 [egg-security] use methodnoallow middleware
2019-11-15 08:39:41,146 INFO 4332 [egg-security] use noopen middleware
2019-11-15 08:39:41,148 INFO 4332 [egg-security] use nosniff middleware
2019-11-15 08:39:41,149 INFO 4332 [egg-security] use xssProtection middleware
2019-11-15 08:39:41,149 INFO 4332 [egg-security] use xframe middleware
2019-11-15 08:39:41,150 INFO 4332 [egg-security] use dta middleware
2019-11-15 08:39:41,150 INFO 4332 [egg-security] compose 6 middlewares into one security middleware
2019-11-15 08:39:41,171 INFO 4332 [egg:core] dump config after load, 5ms
2019-11-15 08:39:41,175 INFO 4332 [egg-mongoose] starting...
2019-11-15 08:39:41,236 INFO 4332 [egg-mongoose] mongodb://127.0.0.1/shoppingMall connected successfully
2019-11-15 08:39:41,250 INFO 4332 [egg-mongoose] instance[0] start successfully
2019-11-15 08:39:41,254 INFO 4332 [egg-watcher:application] watcher start success
2019-11-15 08:39:41,265 INFO 4332 [egg:core] dump config after ready, 9ms
2019-11-16 08:33:50,907 INFO 4696 [egg:logger] init all loggers with options: {"dir":"C:\\Users\\Administrator\\Desktop\\Shopping Mall\\server\\logs\\server","encoding":"utf8","env":"local","level":"INFO","consoleLevel":"INFO","disableConsoleAfterReady":false,"outputJSON":false,"buffer":true,"appLogName":"server-web.log","coreLogName":"egg-web.log","agentLogName":"egg-agent.log","errorLogName":"common-error.log","coreLogger":{"consoleLevel":"WARN"},"allowDebugAtProd":false,"type":"application"}
2019-11-16 08:33:50,940 INFO 4696 [egg-multipart] stream mode enable
2019-11-16 08:33:51,619 INFO 4696 [egg-mongoose] connecting mongodb://127.0.0.1/shoppingMall
2019-11-16 08:33:52,417 INFO 4696 [egg-static] starting static serve /public/ -> C:\Users\Administrator\Desktop\Shopping Mall\server\app\public
2019-11-16 08:33:52,424 INFO 4696 [egg-security] use methodnoallow middleware
2019-11-16 08:33:52,426 INFO 4696 [egg-security] use noopen middleware
2019-11-16 08:33:52,430 INFO 4696 [egg-security] use nosniff middleware
2019-11-16 08:33:52,430 INFO 4696 [egg-security] use xssProtection middleware
2019-11-16 08:33:52,431 INFO 4696 [egg-security] use xframe middleware
2019-11-16 08:33:52,432 INFO 4696 [egg-security] use dta middleware
2019-11-16 08:33:52,432 INFO 4696 [egg-security] compose 6 middlewares into one security middleware
2019-11-16 08:33:52,467 INFO 4696 [egg:core] dump config after load, 5ms
2019-11-16 08:33:52,471 INFO 4696 [egg-mongoose] starting...
2019-11-16 08:33:52,552 INFO 4696 [egg-mongoose] mongodb://127.0.0.1/shoppingMall connected successfully
2019-11-16 08:33:52,559 INFO 4696 [egg-mongoose] instance[0] start successfully
2019-11-16 08:33:52,560 INFO 4696 [egg-watcher:application] watcher start success
2019-11-16 08:33:52,569 INFO 4696 [egg:core] dump config after ready, 6ms
2019-11-16 08:42:25,446 INFO 6660 [egg:logger] init all loggers with options: {"dir":"C:\\Users\\Administrator\\Desktop\\Shopping Mall\\server\\logs\\server","encoding":"utf8","env":"local","level":"INFO","consoleLevel":"INFO","disableConsoleAfterReady":false,"outputJSON":false,"buffer":true,"appLogName":"server-web.log","coreLogName":"egg-web.log","agentLogName":"egg-agent.log","errorLogName":"common-error.log","coreLogger":{"consoleLevel":"WARN"},"allowDebugAtProd":false,"type":"application"}
2019-11-16 08:42:25,475 INFO 6660 [egg-multipart] stream mode enable
2019-11-16 08:42:26,142 INFO 6660 [egg-mongoose] connecting mongodb://127.0.0.1/shoppingMall
2019-11-16 08:42:26,746 INFO 6660 [egg-static] starting static serve /public/ -> C:\Users\Administrator\Desktop\Shopping Mall\server\app\public
2019-11-16 08:42:26,751 INFO 6660 [egg-security] use methodnoallow middleware
2019-11-16 08:42:26,752 INFO 6660 [egg-security] use noopen middleware
2019-11-16 08:42:26,755 INFO 6660 [egg-security] use nosniff middleware
2019-11-16 08:42:26,756 INFO 6660 [egg-security] use xssProtection middleware
2019-11-16 08:42:26,757 INFO 6660 [egg-security] use xframe middleware
2019-11-16 08:42:26,758 INFO 6660 [egg-security] use dta middleware
2019-11-16 08:42:26,758 INFO 6660 [egg-security] compose 6 middlewares into one security middleware
2019-11-16 08:42:26,798 INFO 6660 [egg:core] dump config after load, 6ms
2019-11-16 08:42:26,802 INFO 6660 [egg-mongoose] starting...
2019-11-16 08:42:26,882 INFO 6660 [egg-mongoose] mongodb://127.0.0.1/shoppingMall connected successfully
2019-11-16 08:42:26,896 INFO 6660 [egg-mongoose] instance[0] start successfully
2019-11-16 08:42:26,898 INFO 6660 [egg-watcher:application] watcher start success
2019-11-16 08:42:26,909 INFO 6660 [egg:core] dump config after ready, 7ms
