2019-04-26 21:53:24,619 INFO 12066 [egg-schedule]: register schedule /Users/lp1/Downloads/Vue-shopping-master/egg/node_modules/_egg-logrotator@3.1.0@egg-logrotator/app/schedule/clean_log.js
2019-04-26 21:53:24,619 INFO 12066 [egg-schedule]: register schedule /Users/lp1/Downloads/Vue-shopping-master/egg/node_modules/_egg-logrotator@3.1.0@egg-logrotator/app/schedule/rotate_by_file.js
2019-04-26 21:53:25,133 INFO 12060 [Timer] /Users/lp1/Downloads/Vue-shopping-master/egg/node_modules/_egg-logrotator@3.1.0@egg-logrotator/app/schedule/clean_log.js next time will execute after 7594868ms at 2019-04-27 00:00:00.001
2019-04-26 21:53:25,134 INFO 12060 [Timer] /Users/lp1/Downloads/Vue-shopping-master/egg/node_modules/_egg-logrotator@3.1.0@egg-logrotator/app/schedule/rotate_by_file.js next time will execute after 7595867ms at 2019-04-27 00:00:01.001
2019-04-27 08:36:27,870 INFO 6732 [egg-schedule]: register schedule C:\Users\Administrator\Desktop\shop\server\node_modules\egg-logrotator\app\schedule\clean_log.js
2019-04-27 08:36:27,870 INFO 6732 [egg-schedule]: register schedule C:\Users\Administrator\Desktop\shop\server\node_modules\egg-logrotator\app\schedule\rotate_by_file.js
2019-04-27 08:36:28,544 INFO 2016 [Timer] C:\Users\Administrator\Desktop\shop\server\node_modules\egg-logrotator\app\schedule\clean_log.js next time will execute after 55411458ms at 2019-04-28 00:00:00.002
2019-04-27 08:36:28,545 INFO 2016 [Timer] C:\Users\Administrator\Desktop\shop\server\node_modules\egg-logrotator\app\schedule\rotate_by_file.js next time will execute after 55412456ms at 2019-04-28 00:00:01.001
2019-04-27 10:25:49,289 INFO 3124 [egg-schedule]: register schedule C:\Users\Administrator\Desktop\shop\server\node_modules\egg-logrotator\app\schedule\clean_log.js
2019-04-27 10:25:49,289 INFO 3124 [egg-schedule]: register schedule C:\Users\Administrator\Desktop\shop\server\node_modules\egg-logrotator\app\schedule\rotate_by_file.js
2019-04-27 10:25:50,207 INFO 4408 [Timer] C:\Users\Administrator\Desktop\shop\server\node_modules\egg-logrotator\app\schedule\clean_log.js next time will execute after 48849796ms at 2019-04-28 00:00:00.003
2019-04-27 10:25:50,208 INFO 4408 [Timer] C:\Users\Administrator\Desktop\shop\server\node_modules\egg-logrotator\app\schedule\rotate_by_file.js next time will execute after 48850793ms at 2019-04-28 00:00:01.001
2019-04-30 13:56:42,574 INFO 7004 [egg-schedule]: register schedule C:\Users\Administrator\Desktop\shop\server\node_modules\_egg-logrotator@3.1.0@egg-logrotator\app\schedule\clean_log.js
2019-04-30 13:56:42,574 INFO 7004 [egg-schedule]: register schedule C:\Users\Administrator\Desktop\shop\server\node_modules\_egg-logrotator@3.1.0@egg-logrotator\app\schedule\rotate_by_file.js
2019-04-30 13:56:43,566 INFO 7296 [Timer] C:\Users\Administrator\Desktop\shop\server\node_modules\_egg-logrotator@3.1.0@egg-logrotator\app\schedule\clean_log.js next time will execute after 36196437ms at 2019-05-01 00:00:00.003
2019-04-30 13:56:43,566 INFO 7296 [Timer] C:\Users\Administrator\Desktop\shop\server\node_modules\_egg-logrotator@3.1.0@egg-logrotator\app\schedule\rotate_by_file.js next time will execute after 36197434ms at 2019-05-01 00:00:01.000
2019-04-30 14:03:27,981 INFO 1108 [egg-schedule]: register schedule C:\Users\Administrator\Desktop\shop\server\node_modules\_egg-logrotator@3.1.0@egg-logrotator\app\schedule\clean_log.js
2019-04-30 14:03:27,981 INFO 1108 [egg-schedule]: register schedule C:\Users\Administrator\Desktop\shop\server\node_modules\_egg-logrotator@3.1.0@egg-logrotator\app\schedule\rotate_by_file.js
2019-04-30 14:03:28,965 INFO 7224 [Timer] C:\Users\Administrator\Desktop\shop\server\node_modules\_egg-logrotator@3.1.0@egg-logrotator\app\schedule\clean_log.js next time will execute after 35791037ms at 2019-05-01 00:00:00.002
2019-04-30 14:03:28,965 INFO 7224 [Timer] C:\Users\Administrator\Desktop\shop\server\node_modules\_egg-logrotator@3.1.0@egg-logrotator\app\schedule\rotate_by_file.js next time will execute after 35792035ms at 2019-05-01 00:00:01.000
2019-04-30 15:00:05,800 INFO 6380 [egg-schedule]: register schedule C:\Users\Administrator\Desktop\shop\server\node_modules\_egg-logrotator@3.1.0@egg-logrotator\app\schedule\clean_log.js
2019-04-30 15:00:05,800 INFO 6380 [egg-schedule]: register schedule C:\Users\Administrator\Desktop\shop\server\node_modules\_egg-logrotator@3.1.0@egg-logrotator\app\schedule\rotate_by_file.js
2019-04-30 15:01:10,434 INFO 6940 [egg-schedule]: register schedule C:\Users\Administrator\Desktop\shop\server\node_modules\_egg-logrotator@3.1.0@egg-logrotator\app\schedule\clean_log.js
2019-04-30 15:01:10,434 INFO 6940 [egg-schedule]: register schedule C:\Users\Administrator\Desktop\shop\server\node_modules\_egg-logrotator@3.1.0@egg-logrotator\app\schedule\rotate_by_file.js
2019-04-30 15:10:23,300 INFO 1588 [egg-schedule]: register schedule C:\Users\Administrator\Desktop\shop\server\node_modules\_egg-logrotator@3.1.0@egg-logrotator\app\schedule\clean_log.js
2019-04-30 15:10:23,300 INFO 1588 [egg-schedule]: register schedule C:\Users\Administrator\Desktop\shop\server\node_modules\_egg-logrotator@3.1.0@egg-logrotator\app\schedule\rotate_by_file.js
2019-04-30 16:00:35,805 INFO 8096 [Timer] C:\Users\Administrator\Desktop\shop\server\node_modules\_egg-logrotator@3.1.0@egg-logrotator\app\schedule\clean_log.js next time will execute after 28764197ms at 2019-05-01 00:00:00.002
2019-04-30 16:00:35,806 INFO 8096 [Timer] C:\Users\Administrator\Desktop\shop\server\node_modules\_egg-logrotator@3.1.0@egg-logrotator\app\schedule\rotate_by_file.js next time will execute after 28765194ms at 2019-05-01 00:00:01.000
2019-04-30 16:00:34,907 INFO 2516 [egg-schedule]: register schedule C:\Users\Administrator\Desktop\shop\server\node_modules\_egg-logrotator@3.1.0@egg-logrotator\app\schedule\clean_log.js
2019-04-30 16:00:34,907 INFO 2516 [egg-schedule]: register schedule C:\Users\Administrator\Desktop\shop\server\node_modules\_egg-logrotator@3.1.0@egg-logrotator\app\schedule\rotate_by_file.js
2019-04-30 16:27:59,003 INFO 1652 [egg-schedule]: register schedule C:\Users\Administrator\Desktop\shop\server\node_modules\_egg-logrotator@3.1.0@egg-logrotator\app\schedule\clean_log.js
2019-04-30 16:27:59,003 INFO 1652 [egg-schedule]: register schedule C:\Users\Administrator\Desktop\shop\server\node_modules\_egg-logrotator@3.1.0@egg-logrotator\app\schedule\rotate_by_file.js
2019-04-30 16:27:59,901 INFO 3480 [Timer] C:\Users\Administrator\Desktop\shop\server\node_modules\_egg-logrotator@3.1.0@egg-logrotator\app\schedule\clean_log.js next time will execute after 27120102ms at 2019-05-01 00:00:00.003
2019-04-30 16:27:59,902 INFO 3480 [Timer] C:\Users\Administrator\Desktop\shop\server\node_modules\_egg-logrotator@3.1.0@egg-logrotator\app\schedule\rotate_by_file.js next time will execute after 27121098ms at 2019-05-01 00:00:01.000
2019-05-08 11:13:01,316 INFO 7920 [egg-schedule]: register schedule C:\Users\Administrator\Desktop\shop\server\node_modules\_egg-logrotator@3.1.0@egg-logrotator\app\schedule\clean_log.js
2019-05-08 11:13:01,316 INFO 7920 [egg-schedule]: register schedule C:\Users\Administrator\Desktop\shop\server\node_modules\_egg-logrotator@3.1.0@egg-logrotator\app\schedule\rotate_by_file.js
2019-05-08 11:13:02,273 INFO 7520 [Timer] C:\Users\Administrator\Desktop\shop\server\node_modules\_egg-logrotator@3.1.0@egg-logrotator\app\schedule\clean_log.js next time will execute after 46017730ms at 2019-05-09 00:00:00.003
2019-05-08 11:13:02,273 INFO 7520 [Timer] C:\Users\Administrator\Desktop\shop\server\node_modules\_egg-logrotator@3.1.0@egg-logrotator\app\schedule\rotate_by_file.js next time will execute after 46018727ms at 2019-05-09 00:00:01.000
2019-05-08 16:19:35,394 INFO 6608 [egg-schedule]: register schedule C:\Users\Administrator\Desktop\shop\server\node_modules\_egg-logrotator@3.1.0@egg-logrotator\app\schedule\clean_log.js
2019-05-08 16:19:35,394 INFO 6608 [egg-schedule]: register schedule C:\Users\Administrator\Desktop\shop\server\node_modules\_egg-logrotator@3.1.0@egg-logrotator\app\schedule\rotate_by_file.js
2019-05-08 16:19:36,932 INFO 3768 [Timer] C:\Users\Administrator\Desktop\shop\server\node_modules\_egg-logrotator@3.1.0@egg-logrotator\app\schedule\clean_log.js next time will execute after 27623072ms at 2019-05-09 00:00:00.004
2019-05-08 16:19:36,934 INFO 3768 [Timer] C:\Users\Administrator\Desktop\shop\server\node_modules\_egg-logrotator@3.1.0@egg-logrotator\app\schedule\rotate_by_file.js next time will execute after 27624067ms at 2019-05-09 00:00:01.001
2019-05-10 08:53:01,790 INFO 3636 [egg-schedule]: register schedule C:\Users\Administrator\Desktop\shop\server\node_modules\_egg-logrotator@3.1.0@egg-logrotator\app\schedule\clean_log.js
2019-05-10 08:53:01,790 INFO 3636 [egg-schedule]: register schedule C:\Users\Administrator\Desktop\shop\server\node_modules\_egg-logrotator@3.1.0@egg-logrotator\app\schedule\rotate_by_file.js
2019-05-10 08:53:02,667 INFO 7236 [Timer] C:\Users\Administrator\Desktop\shop\server\node_modules\_egg-logrotator@3.1.0@egg-logrotator\app\schedule\clean_log.js next time will execute after 54417335ms at 2019-05-11 00:00:00.002
2019-05-10 08:53:02,670 INFO 7236 [Timer] C:\Users\Administrator\Desktop\shop\server\node_modules\_egg-logrotator@3.1.0@egg-logrotator\app\schedule\rotate_by_file.js next time will execute after 54418333ms at 2019-05-11 00:00:01.002
2019-05-10 08:53:17,483 INFO 7048 [egg-schedule]: register schedule C:\Users\Administrator\Desktop\shop\server\node_modules\_egg-logrotator@3.1.0@egg-logrotator\app\schedule\clean_log.js
2019-05-10 08:53:17,483 INFO 7048 [egg-schedule]: register schedule C:\Users\Administrator\Desktop\shop\server\node_modules\_egg-logrotator@3.1.0@egg-logrotator\app\schedule\rotate_by_file.js
2019-05-10 08:53:18,095 INFO 7848 [Timer] C:\Users\Administrator\Desktop\shop\server\node_modules\_egg-logrotator@3.1.0@egg-logrotator\app\schedule\clean_log.js next time will execute after 54401907ms at 2019-05-11 00:00:00.002
2019-05-10 08:53:18,096 INFO 7848 [Timer] C:\Users\Administrator\Desktop\shop\server\node_modules\_egg-logrotator@3.1.0@egg-logrotator\app\schedule\rotate_by_file.js next time will execute after 54402904ms at 2019-05-11 00:00:01.000
2019-07-01 09:48:44,453 INFO 6592 [Timer] C:\Users\Administrator\Desktop\vue商城项目\server\node_modules\egg-multipart\app\schedule\clean_tmpdir.js next time will execute after 67275550ms at 2019-07-02 04:30:00.003
2019-07-01 09:48:44,453 INFO 6592 [Timer] C:\Users\Administrator\Desktop\vue商城项目\server\node_modules\egg-logrotator\app\schedule\clean_log.js next time will execute after 51075547ms at 2019-07-02 00:00:00.000
2019-07-01 09:48:44,453 INFO 6592 [Timer] C:\Users\Administrator\Desktop\vue商城项目\server\node_modules\egg-logrotator\app\schedule\rotate_by_file.js next time will execute after 51076547ms at 2019-07-02 00:00:01.000
2019-07-01 09:48:43,807 INFO 404 [egg-schedule]: register schedule C:\Users\Administrator\Desktop\vue商城项目\server\node_modules\egg-multipart\app\schedule\clean_tmpdir.js
2019-07-01 09:48:43,807 INFO 404 [egg-schedule]: register schedule C:\Users\Administrator\Desktop\vue商城项目\server\node_modules\egg-logrotator\app\schedule\clean_log.js
2019-07-01 09:48:43,807 INFO 404 [egg-schedule]: register schedule C:\Users\Administrator\Desktop\vue商城项目\server\node_modules\egg-logrotator\app\schedule\rotate_by_file.js
2019-07-03 14:42:37,687 INFO 9404 [egg-schedule]: register schedule C:\Users\Administrator\Desktop\vue商城项目\server\node_modules\egg-multipart\app\schedule\clean_tmpdir.js
2019-07-03 14:42:37,687 INFO 9404 [egg-schedule]: register schedule C:\Users\Administrator\Desktop\vue商城项目\server\node_modules\egg-logrotator\app\schedule\clean_log.js
2019-07-03 14:42:37,687 INFO 9404 [egg-schedule]: register schedule C:\Users\Administrator\Desktop\vue商城项目\server\node_modules\egg-logrotator\app\schedule\rotate_by_file.js
2019-07-03 14:42:38,972 INFO 7312 [Timer] C:\Users\Administrator\Desktop\vue商城项目\server\node_modules\egg-multipart\app\schedule\clean_tmpdir.js next time will execute after 49641031ms at 2019-07-04 04:30:00.003
2019-07-03 14:42:38,973 INFO 7312 [Timer] C:\Users\Administrator\Desktop\vue商城项目\server\node_modules\egg-logrotator\app\schedule\clean_log.js next time will execute after 33441027ms at 2019-07-04 00:00:00.000
2019-07-03 14:42:38,973 INFO 7312 [Timer] C:\Users\Administrator\Desktop\vue商城项目\server\node_modules\egg-logrotator\app\schedule\rotate_by_file.js next time will execute after 33442027ms at 2019-07-04 00:00:01.000
2019-07-03 15:24:23,579 INFO 10252 [egg-schedule]: register schedule C:\Users\Administrator\Desktop\vue商城项目\server\node_modules\egg-multipart\app\schedule\clean_tmpdir.js
2019-07-03 15:24:23,579 INFO 10252 [egg-schedule]: register schedule C:\Users\Administrator\Desktop\vue商城项目\server\node_modules\egg-logrotator\app\schedule\clean_log.js
2019-07-03 15:24:23,579 INFO 10252 [egg-schedule]: register schedule C:\Users\Administrator\Desktop\vue商城项目\server\node_modules\egg-logrotator\app\schedule\rotate_by_file.js
2019-07-03 15:24:24,757 INFO 6160 [Timer] C:\Users\Administrator\Desktop\vue商城项目\server\node_modules\egg-multipart\app\schedule\clean_tmpdir.js next time will execute after 47135246ms at 2019-07-04 04:30:00.003
2019-07-03 15:24:24,758 INFO 6160 [Timer] C:\Users\Administrator\Desktop\vue商城项目\server\node_modules\egg-logrotator\app\schedule\clean_log.js next time will execute after 30935243ms at 2019-07-04 00:00:00.001
2019-07-03 15:24:24,758 INFO 6160 [Timer] C:\Users\Administrator\Desktop\vue商城项目\server\node_modules\egg-logrotator\app\schedule\rotate_by_file.js next time will execute after 30936242ms at 2019-07-04 00:00:01.000
2019-11-04 09:12:28,167 INFO 5540 [egg-schedule]: register schedule C:\Users\Administrator\Desktop\Shopping Mall\server\node_modules\egg-multipart\app\schedule\clean_tmpdir.js
2019-11-04 09:12:28,167 INFO 5540 [egg-schedule]: register schedule C:\Users\Administrator\Desktop\Shopping Mall\server\node_modules\egg-logrotator\app\schedule\clean_log.js
2019-11-04 09:12:28,167 INFO 5540 [egg-schedule]: register schedule C:\Users\Administrator\Desktop\Shopping Mall\server\node_modules\egg-logrotator\app\schedule\rotate_by_file.js
2019-11-04 09:12:29,089 INFO 4224 [Timer] C:\Users\Administrator\Desktop\Shopping Mall\server\node_modules\egg-multipart\app\schedule\clean_tmpdir.js next time will execute after 69450914ms at 2019-11-05 04:30:00.003
2019-11-04 09:12:29,089 INFO 4224 [Timer] C:\Users\Administrator\Desktop\Shopping Mall\server\node_modules\egg-logrotator\app\schedule\clean_log.js next time will execute after 53250911ms at 2019-11-05 00:00:00.000
2019-11-04 09:12:29,089 INFO 4224 [Timer] C:\Users\Administrator\Desktop\Shopping Mall\server\node_modules\egg-logrotator\app\schedule\rotate_by_file.js next time will execute after 53251911ms at 2019-11-05 00:00:01.000
2019-11-04 09:28:02,059 INFO 6292 [egg-schedule]: register schedule C:\Users\Administrator\Desktop\Shopping Mall\server\node_modules\egg-multipart\app\schedule\clean_tmpdir.js
2019-11-04 09:28:02,059 INFO 6292 [egg-schedule]: register schedule C:\Users\Administrator\Desktop\Shopping Mall\server\node_modules\egg-logrotator\app\schedule\clean_log.js
2019-11-04 09:28:02,059 INFO 6292 [egg-schedule]: register schedule C:\Users\Administrator\Desktop\Shopping Mall\server\node_modules\egg-logrotator\app\schedule\rotate_by_file.js
2019-11-04 09:28:15,544 INFO 7024 [Timer] C:\Users\Administrator\Desktop\Shopping Mall\server\node_modules\egg-multipart\app\schedule\clean_tmpdir.js next time will execute after 68504459ms at 2019-11-05 04:30:00.003
2019-11-04 09:28:15,544 INFO 7024 [Timer] C:\Users\Administrator\Desktop\Shopping Mall\server\node_modules\egg-logrotator\app\schedule\clean_log.js next time will execute after 52304456ms at 2019-11-05 00:00:00.000
2019-11-04 09:28:15,545 INFO 7024 [Timer] C:\Users\Administrator\Desktop\Shopping Mall\server\node_modules\egg-logrotator\app\schedule\rotate_by_file.js next time will execute after 52305456ms at 2019-11-05 00:00:01.001
2019-11-05 08:27:37,535 INFO 2052 [egg-schedule]: register schedule C:\Users\Administrator\Desktop\Shopping Mall\server\node_modules\egg-multipart\app\schedule\clean_tmpdir.js
2019-11-05 08:27:37,536 INFO 2052 [egg-schedule]: register schedule C:\Users\Administrator\Desktop\Shopping Mall\server\node_modules\egg-logrotator\app\schedule\clean_log.js
2019-11-05 08:27:37,536 INFO 2052 [egg-schedule]: register schedule C:\Users\Administrator\Desktop\Shopping Mall\server\node_modules\egg-logrotator\app\schedule\rotate_by_file.js
2019-11-05 08:27:38,711 INFO 4308 [Timer] C:\Users\Administrator\Desktop\Shopping Mall\server\node_modules\egg-multipart\app\schedule\clean_tmpdir.js next time will execute after 72141292ms at 2019-11-06 04:30:00.003
2019-11-05 08:27:38,711 INFO 4308 [Timer] C:\Users\Administrator\Desktop\Shopping Mall\server\node_modules\egg-logrotator\app\schedule\clean_log.js next time will execute after 55941289ms at 2019-11-06 00:00:00.000
2019-11-05 08:27:38,712 INFO 4308 [Timer] C:\Users\Administrator\Desktop\Shopping Mall\server\node_modules\egg-logrotator\app\schedule\rotate_by_file.js next time will execute after 55942289ms at 2019-11-06 00:00:01.001
2019-11-05 08:43:50,740 INFO 3764 [egg-schedule]: register schedule C:\Users\Administrator\Desktop\Shopping Mall\server\node_modules\egg-multipart\app\schedule\clean_tmpdir.js
2019-11-05 08:43:50,740 INFO 3764 [egg-schedule]: register schedule C:\Users\Administrator\Desktop\Shopping Mall\server\node_modules\egg-logrotator\app\schedule\clean_log.js
2019-11-05 08:43:50,740 INFO 3764 [egg-schedule]: register schedule C:\Users\Administrator\Desktop\Shopping Mall\server\node_modules\egg-logrotator\app\schedule\rotate_by_file.js
2019-11-05 08:43:51,653 INFO 2740 [Timer] C:\Users\Administrator\Desktop\Shopping Mall\server\node_modules\egg-multipart\app\schedule\clean_tmpdir.js next time will execute after 71168349ms at 2019-11-06 04:30:00.002
2019-11-05 08:43:51,654 INFO 2740 [Timer] C:\Users\Administrator\Desktop\Shopping Mall\server\node_modules\egg-logrotator\app\schedule\clean_log.js next time will execute after 54968346ms at 2019-11-06 00:00:00.000
2019-11-05 08:43:51,654 INFO 2740 [Timer] C:\Users\Administrator\Desktop\Shopping Mall\server\node_modules\egg-logrotator\app\schedule\rotate_by_file.js next time will execute after 54969346ms at 2019-11-06 00:00:01.000
2019-11-05 11:36:24,727 INFO 1344 [egg-schedule]: register schedule C:\Users\Administrator\Desktop\Shopping Mall\server\node_modules\egg-multipart\app\schedule\clean_tmpdir.js
2019-11-05 11:36:24,727 INFO 1344 [egg-schedule]: register schedule C:\Users\Administrator\Desktop\Shopping Mall\server\node_modules\egg-logrotator\app\schedule\clean_log.js
2019-11-05 11:36:24,728 INFO 1344 [egg-schedule]: register schedule C:\Users\Administrator\Desktop\Shopping Mall\server\node_modules\egg-logrotator\app\schedule\rotate_by_file.js
2019-11-05 11:36:25,689 INFO 4924 [Timer] C:\Users\Administrator\Desktop\Shopping Mall\server\node_modules\egg-multipart\app\schedule\clean_tmpdir.js next time will execute after 60814314ms at 2019-11-06 04:30:00.003
2019-11-05 11:36:25,690 INFO 4924 [Timer] C:\Users\Administrator\Desktop\Shopping Mall\server\node_modules\egg-logrotator\app\schedule\clean_log.js next time will execute after 44614311ms at 2019-11-06 00:00:00.001
2019-11-05 11:36:25,691 INFO 4924 [Timer] C:\Users\Administrator\Desktop\Shopping Mall\server\node_modules\egg-logrotator\app\schedule\rotate_by_file.js next time will execute after 44615310ms at 2019-11-06 00:00:01.001
2019-11-06 08:21:37,051 INFO 3560 [egg-schedule]: register schedule C:\Users\Administrator\Desktop\Shopping Mall\server\node_modules\egg-multipart\app\schedule\clean_tmpdir.js
2019-11-06 08:21:37,051 INFO 3560 [egg-schedule]: register schedule C:\Users\Administrator\Desktop\Shopping Mall\server\node_modules\egg-logrotator\app\schedule\clean_log.js
2019-11-06 08:21:37,051 INFO 3560 [egg-schedule]: register schedule C:\Users\Administrator\Desktop\Shopping Mall\server\node_modules\egg-logrotator\app\schedule\rotate_by_file.js
2019-11-06 08:21:38,378 INFO 3812 [Timer] C:\Users\Administrator\Desktop\Shopping Mall\server\node_modules\egg-multipart\app\schedule\clean_tmpdir.js next time will execute after 72501625ms at 2019-11-07 04:30:00.003
2019-11-06 08:21:38,378 INFO 3812 [Timer] C:\Users\Administrator\Desktop\Shopping Mall\server\node_modules\egg-logrotator\app\schedule\clean_log.js next time will execute after 56301622ms at 2019-11-07 00:00:00.000
2019-11-06 08:21:38,378 INFO 3812 [Timer] C:\Users\Administrator\Desktop\Shopping Mall\server\node_modules\egg-logrotator\app\schedule\rotate_by_file.js next time will execute after 56302622ms at 2019-11-07 00:00:01.000
2019-11-07 08:26:05,251 INFO 5768 [egg-schedule]: register schedule C:\Users\Administrator\Desktop\Shopping Mall\server\node_modules\egg-multipart\app\schedule\clean_tmpdir.js
2019-11-07 08:26:05,251 INFO 5768 [egg-schedule]: register schedule C:\Users\Administrator\Desktop\Shopping Mall\server\node_modules\egg-logrotator\app\schedule\clean_log.js
2019-11-07 08:26:05,251 INFO 5768 [egg-schedule]: register schedule C:\Users\Administrator\Desktop\Shopping Mall\server\node_modules\egg-logrotator\app\schedule\rotate_by_file.js
2019-11-07 08:26:06,201 INFO 5644 [Timer] C:\Users\Administrator\Desktop\Shopping Mall\server\node_modules\egg-multipart\app\schedule\clean_tmpdir.js next time will execute after 72233801ms at 2019-11-08 04:30:00.002
2019-11-07 08:26:06,202 INFO 5644 [Timer] C:\Users\Administrator\Desktop\Shopping Mall\server\node_modules\egg-logrotator\app\schedule\clean_log.js next time will execute after 56033799ms at 2019-11-08 00:00:00.001
2019-11-07 08:26:06,202 INFO 5644 [Timer] C:\Users\Administrator\Desktop\Shopping Mall\server\node_modules\egg-logrotator\app\schedule\rotate_by_file.js next time will execute after 56034798ms at 2019-11-08 00:00:01.000
2019-11-08 08:38:11,140 INFO 4712 [egg-schedule]: register schedule C:\Users\Administrator\Desktop\Shopping Mall\server\node_modules\_egg-multipart@2.9.1@egg-multipart\app\schedule\clean_tmpdir.js
2019-11-08 08:38:11,140 INFO 4712 [egg-schedule]: register schedule C:\Users\Administrator\Desktop\Shopping Mall\server\node_modules\_egg-logrotator@3.1.0@egg-logrotator\app\schedule\clean_log.js
2019-11-08 08:38:11,140 INFO 4712 [egg-schedule]: register schedule C:\Users\Administrator\Desktop\Shopping Mall\server\node_modules\_egg-logrotator@3.1.0@egg-logrotator\app\schedule\rotate_by_file.js
2019-11-08 08:38:11,968 INFO 4924 [Timer] C:\Users\Administrator\Desktop\Shopping Mall\server\node_modules\_egg-multipart@2.9.1@egg-multipart\app\schedule\clean_tmpdir.js next time will execute after 71508034ms at 2019-11-09 04:30:00.002
2019-11-08 08:38:11,968 INFO 4924 [Timer] C:\Users\Administrator\Desktop\Shopping Mall\server\node_modules\_egg-logrotator@3.1.0@egg-logrotator\app\schedule\clean_log.js next time will execute after 55308032ms at 2019-11-09 00:00:00.000
2019-11-08 08:38:11,969 INFO 4924 [Timer] C:\Users\Administrator\Desktop\Shopping Mall\server\node_modules\_egg-logrotator@3.1.0@egg-logrotator\app\schedule\rotate_by_file.js next time will execute after 55309032ms at 2019-11-09 00:00:01.001
2019-11-08 08:41:36,096 INFO 3672 [egg-schedule]: register schedule C:\Users\Administrator\Desktop\Shopping Mall\server\node_modules\_egg-multipart@2.9.1@egg-multipart\app\schedule\clean_tmpdir.js
2019-11-08 08:41:36,096 INFO 3672 [egg-schedule]: register schedule C:\Users\Administrator\Desktop\Shopping Mall\server\node_modules\_egg-logrotator@3.1.0@egg-logrotator\app\schedule\clean_log.js
2019-11-08 08:41:36,096 INFO 3672 [egg-schedule]: register schedule C:\Users\Administrator\Desktop\Shopping Mall\server\node_modules\_egg-logrotator@3.1.0@egg-logrotator\app\schedule\rotate_by_file.js
2019-11-08 08:41:36,928 INFO 5340 [Timer] C:\Users\Administrator\Desktop\Shopping Mall\server\node_modules\_egg-multipart@2.9.1@egg-multipart\app\schedule\clean_tmpdir.js next time will execute after 71303075ms at 2019-11-09 04:30:00.003
2019-11-08 08:41:36,928 INFO 5340 [Timer] C:\Users\Administrator\Desktop\Shopping Mall\server\node_modules\_egg-logrotator@3.1.0@egg-logrotator\app\schedule\clean_log.js next time will execute after 55103072ms at 2019-11-09 00:00:00.000
2019-11-08 08:41:36,928 INFO 5340 [Timer] C:\Users\Administrator\Desktop\Shopping Mall\server\node_modules\_egg-logrotator@3.1.0@egg-logrotator\app\schedule\rotate_by_file.js next time will execute after 55104072ms at 2019-11-09 00:00:01.000
2019-11-08 08:54:38,553 INFO 5868 [egg-schedule]: register schedule C:\Users\Administrator\Desktop\Shopping Mall\server\node_modules\_egg-multipart@2.9.1@egg-multipart\app\schedule\clean_tmpdir.js
2019-11-08 08:54:38,553 INFO 5868 [egg-schedule]: register schedule C:\Users\Administrator\Desktop\Shopping Mall\server\node_modules\_egg-logrotator@3.1.0@egg-logrotator\app\schedule\clean_log.js
2019-11-08 08:54:38,553 INFO 5868 [egg-schedule]: register schedule C:\Users\Administrator\Desktop\Shopping Mall\server\node_modules\_egg-logrotator@3.1.0@egg-logrotator\app\schedule\rotate_by_file.js
2019-11-08 08:54:39,597 INFO 5736 [Timer] C:\Users\Administrator\Desktop\Shopping Mall\server\node_modules\_egg-multipart@2.9.1@egg-multipart\app\schedule\clean_tmpdir.js next time will execute after 70520406ms at 2019-11-09 04:30:00.003
2019-11-08 08:54:39,597 INFO 5736 [Timer] C:\Users\Administrator\Desktop\Shopping Mall\server\node_modules\_egg-logrotator@3.1.0@egg-logrotator\app\schedule\clean_log.js next time will execute after 54320403ms at 2019-11-09 00:00:00.000
2019-11-08 08:54:39,598 INFO 5736 [Timer] C:\Users\Administrator\Desktop\Shopping Mall\server\node_modules\_egg-logrotator@3.1.0@egg-logrotator\app\schedule\rotate_by_file.js next time will execute after 54321403ms at 2019-11-09 00:00:01.001
2019-11-09 08:33:03,972 INFO 2132 [egg-schedule]: register schedule C:\Users\Administrator\Desktop\Shopping Mall\server\node_modules\_egg-multipart@2.9.1@egg-multipart\app\schedule\clean_tmpdir.js
2019-11-09 08:33:03,972 INFO 2132 [egg-schedule]: register schedule C:\Users\Administrator\Desktop\Shopping Mall\server\node_modules\_egg-logrotator@3.1.0@egg-logrotator\app\schedule\clean_log.js
2019-11-09 08:33:03,972 INFO 2132 [egg-schedule]: register schedule C:\Users\Administrator\Desktop\Shopping Mall\server\node_modules\_egg-logrotator@3.1.0@egg-logrotator\app\schedule\rotate_by_file.js
2019-11-09 08:33:05,273 INFO 2856 [Timer] C:\Users\Administrator\Desktop\Shopping Mall\server\node_modules\_egg-multipart@2.9.1@egg-multipart\app\schedule\clean_tmpdir.js next time will execute after 71814729ms at 2019-11-10 04:30:00.002
2019-11-09 08:33:05,274 INFO 2856 [Timer] C:\Users\Administrator\Desktop\Shopping Mall\server\node_modules\_egg-logrotator@3.1.0@egg-logrotator\app\schedule\clean_log.js next time will execute after 55614726ms at 2019-11-10 00:00:00.000
2019-11-09 08:33:05,274 INFO 2856 [Timer] C:\Users\Administrator\Desktop\Shopping Mall\server\node_modules\_egg-logrotator@3.1.0@egg-logrotator\app\schedule\rotate_by_file.js next time will execute after 55615726ms at 2019-11-10 00:00:01.000
2019-11-09 09:11:12,684 INFO 1308 [egg-schedule]: register schedule C:\Users\Administrator\Desktop\Shopping Mall\server\node_modules\_egg-multipart@2.9.1@egg-multipart\app\schedule\clean_tmpdir.js
2019-11-09 09:11:12,684 INFO 1308 [egg-schedule]: register schedule C:\Users\Administrator\Desktop\Shopping Mall\server\node_modules\_egg-logrotator@3.1.0@egg-logrotator\app\schedule\clean_log.js
2019-11-09 09:11:12,684 INFO 1308 [egg-schedule]: register schedule C:\Users\Administrator\Desktop\Shopping Mall\server\node_modules\_egg-logrotator@3.1.0@egg-logrotator\app\schedule\rotate_by_file.js
2019-11-09 09:11:13,716 INFO 3384 [Timer] C:\Users\Administrator\Desktop\Shopping Mall\server\node_modules\_egg-multipart@2.9.1@egg-multipart\app\schedule\clean_tmpdir.js next time will execute after 69526287ms at 2019-11-10 04:30:00.003
2019-11-09 09:11:13,716 INFO 3384 [Timer] C:\Users\Administrator\Desktop\Shopping Mall\server\node_modules\_egg-logrotator@3.1.0@egg-logrotator\app\schedule\clean_log.js next time will execute after 53326284ms at 2019-11-10 00:00:00.000
2019-11-09 09:11:13,716 INFO 3384 [Timer] C:\Users\Administrator\Desktop\Shopping Mall\server\node_modules\_egg-logrotator@3.1.0@egg-logrotator\app\schedule\rotate_by_file.js next time will execute after 53327284ms at 2019-11-10 00:00:01.000
2019-11-09 09:17:33,344 INFO 4544 [egg-schedule]: register schedule C:\Users\Administrator\Desktop\Shopping Mall\server\node_modules\_egg-multipart@2.9.1@egg-multipart\app\schedule\clean_tmpdir.js
2019-11-09 09:17:33,344 INFO 4544 [egg-schedule]: register schedule C:\Users\Administrator\Desktop\Shopping Mall\server\node_modules\_egg-logrotator@3.1.0@egg-logrotator\app\schedule\clean_log.js
2019-11-09 09:17:33,344 INFO 4544 [egg-schedule]: register schedule C:\Users\Administrator\Desktop\Shopping Mall\server\node_modules\_egg-logrotator@3.1.0@egg-logrotator\app\schedule\rotate_by_file.js
2019-11-09 09:17:34,186 INFO 2812 [Timer] C:\Users\Administrator\Desktop\Shopping Mall\server\node_modules\_egg-multipart@2.9.1@egg-multipart\app\schedule\clean_tmpdir.js next time will execute after 69145816ms at 2019-11-10 04:30:00.002
2019-11-09 09:17:34,186 INFO 2812 [Timer] C:\Users\Administrator\Desktop\Shopping Mall\server\node_modules\_egg-logrotator@3.1.0@egg-logrotator\app\schedule\clean_log.js next time will execute after 52945814ms at 2019-11-10 00:00:00.000
2019-11-09 09:17:34,187 INFO 2812 [Timer] C:\Users\Administrator\Desktop\Shopping Mall\server\node_modules\_egg-logrotator@3.1.0@egg-logrotator\app\schedule\rotate_by_file.js next time will execute after 52946814ms at 2019-11-10 00:00:01.001
2019-11-09 09:22:00,012 INFO 4344 [egg-schedule]: register schedule C:\Users\Administrator\Desktop\Shopping Mall\server\node_modules\_egg-multipart@2.9.1@egg-multipart\app\schedule\clean_tmpdir.js
2019-11-09 09:22:00,012 INFO 4344 [egg-schedule]: register schedule C:\Users\Administrator\Desktop\Shopping Mall\server\node_modules\_egg-logrotator@3.1.0@egg-logrotator\app\schedule\clean_log.js
2019-11-09 09:22:00,012 INFO 4344 [egg-schedule]: register schedule C:\Users\Administrator\Desktop\Shopping Mall\server\node_modules\_egg-logrotator@3.1.0@egg-logrotator\app\schedule\rotate_by_file.js
2019-11-09 09:22:01,220 INFO 3216 [Timer] C:\Users\Administrator\Desktop\Shopping Mall\server\node_modules\_egg-multipart@2.9.1@egg-multipart\app\schedule\clean_tmpdir.js next time will execute after 68878782ms at 2019-11-10 04:30:00.002
2019-11-09 09:22:01,221 INFO 3216 [Timer] C:\Users\Administrator\Desktop\Shopping Mall\server\node_modules\_egg-logrotator@3.1.0@egg-logrotator\app\schedule\clean_log.js next time will execute after 52678780ms at 2019-11-10 00:00:00.001
2019-11-09 09:22:01,221 INFO 3216 [Timer] C:\Users\Administrator\Desktop\Shopping Mall\server\node_modules\_egg-logrotator@3.1.0@egg-logrotator\app\schedule\rotate_by_file.js next time will execute after 52679779ms at 2019-11-10 00:00:01.000
2019-11-09 09:40:34,079 INFO 5752 [egg-schedule]: register schedule C:\Users\Administrator\Desktop\Shopping Mall\server\node_modules\_egg-multipart@2.9.1@egg-multipart\app\schedule\clean_tmpdir.js
2019-11-09 09:40:34,079 INFO 5752 [egg-schedule]: register schedule C:\Users\Administrator\Desktop\Shopping Mall\server\node_modules\_egg-logrotator@3.1.0@egg-logrotator\app\schedule\clean_log.js
2019-11-09 09:40:34,079 INFO 5752 [egg-schedule]: register schedule C:\Users\Administrator\Desktop\Shopping Mall\server\node_modules\_egg-logrotator@3.1.0@egg-logrotator\app\schedule\rotate_by_file.js
2019-11-09 09:40:35,406 INFO 5340 [Timer] C:\Users\Administrator\Desktop\Shopping Mall\server\node_modules\_egg-multipart@2.9.1@egg-multipart\app\schedule\clean_tmpdir.js next time will execute after 67764596ms at 2019-11-10 04:30:00.002
2019-11-09 09:40:35,406 INFO 5340 [Timer] C:\Users\Administrator\Desktop\Shopping Mall\server\node_modules\_egg-logrotator@3.1.0@egg-logrotator\app\schedule\clean_log.js next time will execute after 51564594ms at 2019-11-10 00:00:00.000
2019-11-09 09:40:35,406 INFO 5340 [Timer] C:\Users\Administrator\Desktop\Shopping Mall\server\node_modules\_egg-logrotator@3.1.0@egg-logrotator\app\schedule\rotate_by_file.js next time will execute after 51565594ms at 2019-11-10 00:00:01.000
2019-11-09 10:12:30,603 INFO 4924 [egg-schedule]: register schedule C:\Users\Administrator\Desktop\Shopping Mall\server\node_modules\_egg-multipart@2.9.1@egg-multipart\app\schedule\clean_tmpdir.js
2019-11-09 10:12:30,603 INFO 4924 [egg-schedule]: register schedule C:\Users\Administrator\Desktop\Shopping Mall\server\node_modules\_egg-logrotator@3.1.0@egg-logrotator\app\schedule\clean_log.js
2019-11-09 10:12:30,603 INFO 4924 [egg-schedule]: register schedule C:\Users\Administrator\Desktop\Shopping Mall\server\node_modules\_egg-logrotator@3.1.0@egg-logrotator\app\schedule\rotate_by_file.js
2019-11-09 10:12:31,693 INFO 3264 [Timer] C:\Users\Administrator\Desktop\Shopping Mall\server\node_modules\_egg-multipart@2.9.1@egg-multipart\app\schedule\clean_tmpdir.js next time will execute after 65848312ms at 2019-11-10 04:30:00.005
2019-11-09 10:12:31,693 INFO 3264 [Timer] C:\Users\Administrator\Desktop\Shopping Mall\server\node_modules\_egg-logrotator@3.1.0@egg-logrotator\app\schedule\clean_log.js next time will execute after 49648307ms at 2019-11-10 00:00:00.000
2019-11-09 10:12:31,693 INFO 3264 [Timer] C:\Users\Administrator\Desktop\Shopping Mall\server\node_modules\_egg-logrotator@3.1.0@egg-logrotator\app\schedule\rotate_by_file.js next time will execute after 49649307ms at 2019-11-10 00:00:01.000
2019-11-11 08:42:28,651 INFO 4112 [egg-schedule]: register schedule C:\Users\Administrator\Desktop\Shopping Mall\server\node_modules\_egg-multipart@2.9.1@egg-multipart\app\schedule\clean_tmpdir.js
2019-11-11 08:42:28,651 INFO 4112 [egg-schedule]: register schedule C:\Users\Administrator\Desktop\Shopping Mall\server\node_modules\_egg-logrotator@3.1.0@egg-logrotator\app\schedule\clean_log.js
2019-11-11 08:42:28,651 INFO 4112 [egg-schedule]: register schedule C:\Users\Administrator\Desktop\Shopping Mall\server\node_modules\_egg-logrotator@3.1.0@egg-logrotator\app\schedule\rotate_by_file.js
2019-11-11 08:42:29,770 INFO 5116 [Timer] C:\Users\Administrator\Desktop\Shopping Mall\server\node_modules\_egg-multipart@2.9.1@egg-multipart\app\schedule\clean_tmpdir.js next time will execute after 71250233ms at 2019-11-12 04:30:00.003
2019-11-11 08:42:29,771 INFO 5116 [Timer] C:\Users\Administrator\Desktop\Shopping Mall\server\node_modules\_egg-logrotator@3.1.0@egg-logrotator\app\schedule\clean_log.js next time will execute after 55050230ms at 2019-11-12 00:00:00.001
2019-11-11 08:42:29,771 INFO 5116 [Timer] C:\Users\Administrator\Desktop\Shopping Mall\server\node_modules\_egg-logrotator@3.1.0@egg-logrotator\app\schedule\rotate_by_file.js next time will execute after 55051229ms at 2019-11-12 00:00:01.000
2019-11-12 08:34:37,403 INFO 2760 [egg-schedule]: register schedule C:\Users\Administrator\Desktop\Shopping Mall\server\node_modules\_egg-multipart@2.9.1@egg-multipart\app\schedule\clean_tmpdir.js
2019-11-12 08:34:37,403 INFO 2760 [egg-schedule]: register schedule C:\Users\Administrator\Desktop\Shopping Mall\server\node_modules\_egg-logrotator@3.1.0@egg-logrotator\app\schedule\clean_log.js
2019-11-12 08:34:37,403 INFO 2760 [egg-schedule]: register schedule C:\Users\Administrator\Desktop\Shopping Mall\server\node_modules\_egg-logrotator@3.1.0@egg-logrotator\app\schedule\rotate_by_file.js
2019-11-12 08:34:38,467 INFO 1568 [Timer] C:\Users\Administrator\Desktop\Shopping Mall\server\node_modules\_egg-multipart@2.9.1@egg-multipart\app\schedule\clean_tmpdir.js next time will execute after 71721535ms at 2019-11-13 04:30:00.002
2019-11-12 08:34:38,468 INFO 1568 [Timer] C:\Users\Administrator\Desktop\Shopping Mall\server\node_modules\_egg-logrotator@3.1.0@egg-logrotator\app\schedule\clean_log.js next time will execute after 55521533ms at 2019-11-13 00:00:00.001
2019-11-12 08:34:38,468 INFO 1568 [Timer] C:\Users\Administrator\Desktop\Shopping Mall\server\node_modules\_egg-logrotator@3.1.0@egg-logrotator\app\schedule\rotate_by_file.js next time will execute after 55522532ms at 2019-11-13 00:00:01.000
2019-11-13 08:33:12,726 INFO 5652 [egg-schedule]: register schedule C:\Users\Administrator\Desktop\Shopping Mall\server\node_modules\_egg-multipart@2.9.1@egg-multipart\app\schedule\clean_tmpdir.js
2019-11-13 08:33:12,726 INFO 5652 [egg-schedule]: register schedule C:\Users\Administrator\Desktop\Shopping Mall\server\node_modules\_egg-logrotator@3.1.0@egg-logrotator\app\schedule\clean_log.js
2019-11-13 08:33:12,726 INFO 5652 [egg-schedule]: register schedule C:\Users\Administrator\Desktop\Shopping Mall\server\node_modules\_egg-logrotator@3.1.0@egg-logrotator\app\schedule\rotate_by_file.js
2019-11-13 08:33:13,760 INFO 5584 [Timer] C:\Users\Administrator\Desktop\Shopping Mall\server\node_modules\_egg-multipart@2.9.1@egg-multipart\app\schedule\clean_tmpdir.js next time will execute after 71806243ms at 2019-11-14 04:30:00.003
2019-11-13 08:33:13,761 INFO 5584 [Timer] C:\Users\Administrator\Desktop\Shopping Mall\server\node_modules\_egg-logrotator@3.1.0@egg-logrotator\app\schedule\clean_log.js next time will execute after 55606240ms at 2019-11-14 00:00:00.001
2019-11-13 08:33:13,761 INFO 5584 [Timer] C:\Users\Administrator\Desktop\Shopping Mall\server\node_modules\_egg-logrotator@3.1.0@egg-logrotator\app\schedule\rotate_by_file.js next time will execute after 55607239ms at 2019-11-14 00:00:01.000
2019-11-13 18:26:09,127 INFO 12700 [egg-schedule]: register schedule C:\Users\Administrator\Desktop\Shopping Mall\server\node_modules\_egg-multipart@2.9.1@egg-multipart\app\schedule\clean_tmpdir.js
2019-11-13 18:26:09,127 INFO 12700 [egg-schedule]: register schedule C:\Users\Administrator\Desktop\Shopping Mall\server\node_modules\_egg-logrotator@3.1.0@egg-logrotator\app\schedule\clean_log.js
2019-11-13 18:26:09,127 INFO 12700 [egg-schedule]: register schedule C:\Users\Administrator\Desktop\Shopping Mall\server\node_modules\_egg-logrotator@3.1.0@egg-logrotator\app\schedule\rotate_by_file.js
2019-11-13 18:26:10,269 INFO 4440 [Timer] C:\Users\Administrator\Desktop\Shopping Mall\server\node_modules\_egg-multipart@2.9.1@egg-multipart\app\schedule\clean_tmpdir.js next time will execute after 36229734ms at 2019-11-14 04:30:00.003
2019-11-13 18:26:10,270 INFO 4440 [Timer] C:\Users\Administrator\Desktop\Shopping Mall\server\node_modules\_egg-logrotator@3.1.0@egg-logrotator\app\schedule\clean_log.js next time will execute after 20029731ms at 2019-11-14 00:00:00.001
2019-11-13 18:26:10,270 INFO 4440 [Timer] C:\Users\Administrator\Desktop\Shopping Mall\server\node_modules\_egg-logrotator@3.1.0@egg-logrotator\app\schedule\rotate_by_file.js next time will execute after 20030730ms at 2019-11-14 00:00:01.000
2019-11-14 08:32:45,027 INFO 4676 [egg-schedule]: register schedule C:\Users\Administrator\Desktop\Shopping Mall\server\node_modules\_egg-multipart@2.9.1@egg-multipart\app\schedule\clean_tmpdir.js
2019-11-14 08:32:45,027 INFO 4676 [egg-schedule]: register schedule C:\Users\Administrator\Desktop\Shopping Mall\server\node_modules\_egg-logrotator@3.1.0@egg-logrotator\app\schedule\clean_log.js
2019-11-14 08:32:45,027 INFO 4676 [egg-schedule]: register schedule C:\Users\Administrator\Desktop\Shopping Mall\server\node_modules\_egg-logrotator@3.1.0@egg-logrotator\app\schedule\rotate_by_file.js
2019-11-14 08:32:46,055 INFO 4612 [Timer] C:\Users\Administrator\Desktop\Shopping Mall\server\node_modules\_egg-multipart@2.9.1@egg-multipart\app\schedule\clean_tmpdir.js next time will execute after 71833948ms at 2019-11-15 04:30:00.003
2019-11-14 08:32:46,055 INFO 4612 [Timer] C:\Users\Administrator\Desktop\Shopping Mall\server\node_modules\_egg-logrotator@3.1.0@egg-logrotator\app\schedule\clean_log.js next time will execute after 55633945ms at 2019-11-15 00:00:00.000
2019-11-14 08:32:46,055 INFO 4612 [Timer] C:\Users\Administrator\Desktop\Shopping Mall\server\node_modules\_egg-logrotator@3.1.0@egg-logrotator\app\schedule\rotate_by_file.js next time will execute after 55634945ms at 2019-11-15 00:00:01.000
2019-11-15 08:33:29,510 INFO 4276 [egg-schedule]: register schedule C:\Users\Administrator\Desktop\Shopping Mall\server\node_modules\_egg-multipart@2.9.1@egg-multipart\app\schedule\clean_tmpdir.js
2019-11-15 08:33:29,510 INFO 4276 [egg-schedule]: register schedule C:\Users\Administrator\Desktop\Shopping Mall\server\node_modules\_egg-logrotator@3.1.0@egg-logrotator\app\schedule\clean_log.js
2019-11-15 08:33:29,510 INFO 4276 [egg-schedule]: register schedule C:\Users\Administrator\Desktop\Shopping Mall\server\node_modules\_egg-logrotator@3.1.0@egg-logrotator\app\schedule\rotate_by_file.js
2019-11-15 08:33:30,524 INFO 4204 [Timer] C:\Users\Administrator\Desktop\Shopping Mall\server\node_modules\_egg-multipart@2.9.1@egg-multipart\app\schedule\clean_tmpdir.js next time will execute after 71789479ms at 2019-11-16 04:30:00.003
2019-11-15 08:33:30,525 INFO 4204 [Timer] C:\Users\Administrator\Desktop\Shopping Mall\server\node_modules\_egg-logrotator@3.1.0@egg-logrotator\app\schedule\clean_log.js next time will execute after 55589476ms at 2019-11-16 00:00:00.001
2019-11-15 08:33:30,525 INFO 4204 [Timer] C:\Users\Administrator\Desktop\Shopping Mall\server\node_modules\_egg-logrotator@3.1.0@egg-logrotator\app\schedule\rotate_by_file.js next time will execute after 55590475ms at 2019-11-16 00:00:01.000
2019-11-15 08:39:40,463 INFO 4332 [egg-schedule]: register schedule C:\Users\Administrator\Desktop\Shopping Mall\server\node_modules\_egg-multipart@2.9.1@egg-multipart\app\schedule\clean_tmpdir.js
2019-11-15 08:39:40,463 INFO 4332 [egg-schedule]: register schedule C:\Users\Administrator\Desktop\Shopping Mall\server\node_modules\_egg-logrotator@3.1.0@egg-logrotator\app\schedule\clean_log.js
2019-11-15 08:39:40,463 INFO 4332 [egg-schedule]: register schedule C:\Users\Administrator\Desktop\Shopping Mall\server\node_modules\_egg-logrotator@3.1.0@egg-logrotator\app\schedule\rotate_by_file.js
2019-11-15 08:39:41,277 INFO 6044 [Timer] C:\Users\Administrator\Desktop\Shopping Mall\server\node_modules\_egg-multipart@2.9.1@egg-multipart\app\schedule\clean_tmpdir.js next time will execute after 71418725ms at 2019-11-16 04:30:00.002
2019-11-15 08:39:41,277 INFO 6044 [Timer] C:\Users\Administrator\Desktop\Shopping Mall\server\node_modules\_egg-logrotator@3.1.0@egg-logrotator\app\schedule\clean_log.js next time will execute after 55218723ms at 2019-11-16 00:00:00.000
2019-11-15 08:39:41,278 INFO 6044 [Timer] C:\Users\Administrator\Desktop\Shopping Mall\server\node_modules\_egg-logrotator@3.1.0@egg-logrotator\app\schedule\rotate_by_file.js next time will execute after 55219723ms at 2019-11-16 00:00:01.001
2019-11-16 08:33:50,939 INFO 4696 [egg-schedule]: register schedule C:\Users\Administrator\Desktop\Shopping Mall\server\node_modules\_egg-multipart@2.9.1@egg-multipart\app\schedule\clean_tmpdir.js
2019-11-16 08:33:50,939 INFO 4696 [egg-schedule]: register schedule C:\Users\Administrator\Desktop\Shopping Mall\server\node_modules\_egg-logrotator@3.1.0@egg-logrotator\app\schedule\clean_log.js
2019-11-16 08:33:50,939 INFO 4696 [egg-schedule]: register schedule C:\Users\Administrator\Desktop\Shopping Mall\server\node_modules\_egg-logrotator@3.1.0@egg-logrotator\app\schedule\rotate_by_file.js
2019-11-16 08:33:52,577 INFO 4628 [Timer] C:\Users\Administrator\Desktop\Shopping Mall\server\node_modules\_egg-multipart@2.9.1@egg-multipart\app\schedule\clean_tmpdir.js next time will execute after 71767425ms at 2019-11-17 04:30:00.002
2019-11-16 08:33:52,577 INFO 4628 [Timer] C:\Users\Administrator\Desktop\Shopping Mall\server\node_modules\_egg-logrotator@3.1.0@egg-logrotator\app\schedule\clean_log.js next time will execute after 55567423ms at 2019-11-17 00:00:00.000
2019-11-16 08:33:52,577 INFO 4628 [Timer] C:\Users\Administrator\Desktop\Shopping Mall\server\node_modules\_egg-logrotator@3.1.0@egg-logrotator\app\schedule\rotate_by_file.js next time will execute after 55568423ms at 2019-11-17 00:00:01.000
2019-11-16 08:42:25,475 INFO 6660 [egg-schedule]: register schedule C:\Users\Administrator\Desktop\Shopping Mall\server\node_modules\_egg-multipart@2.9.1@egg-multipart\app\schedule\clean_tmpdir.js
2019-11-16 08:42:25,475 INFO 6660 [egg-schedule]: register schedule C:\Users\Administrator\Desktop\Shopping Mall\server\node_modules\_egg-logrotator@3.1.0@egg-logrotator\app\schedule\clean_log.js
2019-11-16 08:42:25,475 INFO 6660 [egg-schedule]: register schedule C:\Users\Administrator\Desktop\Shopping Mall\server\node_modules\_egg-logrotator@3.1.0@egg-logrotator\app\schedule\rotate_by_file.js
2019-11-16 08:42:26,923 INFO 4392 [Timer] C:\Users\Administrator\Desktop\Shopping Mall\server\node_modules\_egg-multipart@2.9.1@egg-multipart\app\schedule\clean_tmpdir.js next time will execute after 71253081ms at 2019-11-17 04:30:00.004
2019-11-16 08:42:26,923 INFO 4392 [Timer] C:\Users\Administrator\Desktop\Shopping Mall\server\node_modules\_egg-logrotator@3.1.0@egg-logrotator\app\schedule\clean_log.js next time will execute after 55053077ms at 2019-11-17 00:00:00.000
2019-11-16 08:42:26,924 INFO 4392 [Timer] C:\Users\Administrator\Desktop\Shopping Mall\server\node_modules\_egg-logrotator@3.1.0@egg-logrotator\app\schedule\rotate_by_file.js next time will execute after 55054077ms at 2019-11-17 00:00:01.001
