2019-11-06 17:28:58,631 ERROR 3560 [-/127.0.0.1/-/57ms GET /v1/goods/one?id=${id}&page=${page}] nodejs.MongoError: Argument to $skip cannot be negative
    at Connection.<anonymous> (C:\Users\Administrator\Desktop\Shopping Mall\server\node_modules\mongodb-core\lib\connection\pool.js:443:61)
    at Connection.emit (events.js:210:5)
    at processMessage (C:\Users\Administrator\Desktop\Shopping Mall\server\node_modules\mongodb-core\lib\connection\connection.js:364:10)
    at Socket.<anonymous> (C:\Users\Administrator\Desktop\Shopping Mall\server\node_modules\mongodb-core\lib\connection\connection.js:533:15)
    at Socket.emit (events.js:210:5)
    at addChunk (_stream_readable.js:308:12)
    at readableAddChunk (_stream_readable.js:289:11)
    at Socket.Readable.push (_stream_readable.js:223:10)
    at TCP.onStreamRead (internal/stream_base_commons.js:182:23)
ok: 0
errmsg: "Argument to $skip cannot be negative"
code: 15956
codeName: "Location15956"
name: "MongoError"
pid: 3560
hostname: stu46

2019-11-08 10:30:22,306 ERROR 5868 [-/127.0.0.1/-/7ms POST /v1/saveUser] nodejs.ENOENTError: ENOENT: no such file or directory, open 'C:\Users\Administrator\Desktop\Shopping Mall\server\app\public\avatar\1573180222297aace+33g95l-5f_55dc38208e629e61688407e96.png'
ENOENTError: ENOENT: no such file or directory, open 'C:\Users\Administrator\Desktop\Shopping Mall\server\app\public\avatar\1573180222297aace+33g95l-5f_55dc38208e629e61688407e96.png'
errno: -4058
code: "ENOENT"
syscall: "open"
path: "C:\\Users\\Administrator\\Desktop\\Shopping Mall\\server\\app\\public\\avatar\\1573180222297aace+33g95l-5f_55dc38208e629e61688407e96.png"
name: "ENOENTError"
pid: 5868
hostname: stu46

2019-11-11 11:54:14,631 ERROR 4112 [-/127.0.0.1/-/17ms POST /v1/order] nodejs.TypeError: Cannot read property 'count' of undefined
    at OperatingGoodsController.order (C:\Users\Administrator\Desktop\Shopping Mall\server\app\controller\api\operatingGoods.js:197:34)
    at runMicrotasks (<anonymous>)
    at processTicksAndRejections (internal/process/task_queues.js:93:5)
    at async C:\Users\Administrator\Desktop\Shopping Mall\server\app\middleware\isLogin.js:15:13
    at async C:\Users\Administrator\Desktop\Shopping Mall\server\node_modules\_egg-development@2.4.3@egg-development\app\middleware\egg_loader_trace.js:9:50
    at async xframe (C:\Users\Administrator\Desktop\Shopping Mall\server\node_modules\_egg-security@2.7.0@egg-security\lib\middlewares\xframe.js:7:5)
    at async xssProtection (C:\Users\Administrator\Desktop\Shopping Mall\server\node_modules\_egg-security@2.7.0@egg-security\lib\middlewares\xssProtection.js:7:5)
    at async nosniff (C:\Users\Administrator\Desktop\Shopping Mall\server\node_modules\_egg-security@2.7.0@egg-security\lib\middlewares\nosniff.js:8:5)
    at async noopen (C:\Users\Administrator\Desktop\Shopping Mall\server\node_modules\_egg-security@2.7.0@egg-security\lib\middlewares\noopen.js:8:5)
    at async session (C:\Users\Administrator\Desktop\Shopping Mall\server\node_modules\_koa-session@5.12.3@koa-session\index.js:41:7)
    at async bodyParser (C:\Users\Administrator\Desktop\Shopping Mall\server\node_modules\_koa-bodyparser@4.2.1@koa-bodyparser\index.js:86:5)
    at async C:\Users\Administrator\Desktop\Shopping Mall\server\node_modules\_koa-static-cache@5.1.2@koa-static-cache\index.js:51:63
    at async notfound (C:\Users\Administrator\Desktop\Shopping Mall\server\node_modules\_egg@2.25.0@egg\app\middleware\notfound.js:5:5)
    at async meta (C:\Users\Administrator\Desktop\Shopping Mall\server\node_modules\_egg@2.25.0@egg\app\middleware\meta.js:12:5)

pid: 4112
hostname: stu46

2019-11-11 12:00:37,093 ERROR 4112 [-/127.0.0.1/-/3ms POST /v1/order] nodejs.TypeError: Cannot read property 'count' of undefined
    at OperatingGoodsController.order (C:\Users\Administrator\Desktop\Shopping Mall\server\app\controller\api\operatingGoods.js:197:34)
    at runMicrotasks (<anonymous>)
    at processTicksAndRejections (internal/process/task_queues.js:93:5)
    at async C:\Users\Administrator\Desktop\Shopping Mall\server\app\middleware\isLogin.js:15:13
    at async C:\Users\Administrator\Desktop\Shopping Mall\server\node_modules\_egg-development@2.4.3@egg-development\app\middleware\egg_loader_trace.js:9:50
    at async xframe (C:\Users\Administrator\Desktop\Shopping Mall\server\node_modules\_egg-security@2.7.0@egg-security\lib\middlewares\xframe.js:7:5)
    at async xssProtection (C:\Users\Administrator\Desktop\Shopping Mall\server\node_modules\_egg-security@2.7.0@egg-security\lib\middlewares\xssProtection.js:7:5)
    at async nosniff (C:\Users\Administrator\Desktop\Shopping Mall\server\node_modules\_egg-security@2.7.0@egg-security\lib\middlewares\nosniff.js:8:5)
    at async noopen (C:\Users\Administrator\Desktop\Shopping Mall\server\node_modules\_egg-security@2.7.0@egg-security\lib\middlewares\noopen.js:8:5)
    at async session (C:\Users\Administrator\Desktop\Shopping Mall\server\node_modules\_koa-session@5.12.3@koa-session\index.js:41:7)
    at async bodyParser (C:\Users\Administrator\Desktop\Shopping Mall\server\node_modules\_koa-bodyparser@4.2.1@koa-bodyparser\index.js:86:5)
    at async C:\Users\Administrator\Desktop\Shopping Mall\server\node_modules\_koa-static-cache@5.1.2@koa-static-cache\index.js:51:63
    at async notfound (C:\Users\Administrator\Desktop\Shopping Mall\server\node_modules\_egg@2.25.0@egg\app\middleware\notfound.js:5:5)
    at async meta (C:\Users\Administrator\Desktop\Shopping Mall\server\node_modules\_egg@2.25.0@egg\app\middleware\meta.js:12:5)

pid: 4112
hostname: stu46

2019-11-11 12:00:41,384 ERROR 4112 [-/127.0.0.1/-/4ms POST /v1/order] nodejs.TypeError: Cannot read property 'count' of undefined
    at OperatingGoodsController.order (C:\Users\Administrator\Desktop\Shopping Mall\server\app\controller\api\operatingGoods.js:197:34)
    at runMicrotasks (<anonymous>)
    at processTicksAndRejections (internal/process/task_queues.js:93:5)
    at async C:\Users\Administrator\Desktop\Shopping Mall\server\app\middleware\isLogin.js:15:13
    at async C:\Users\Administrator\Desktop\Shopping Mall\server\node_modules\_egg-development@2.4.3@egg-development\app\middleware\egg_loader_trace.js:9:50
    at async xframe (C:\Users\Administrator\Desktop\Shopping Mall\server\node_modules\_egg-security@2.7.0@egg-security\lib\middlewares\xframe.js:7:5)
    at async xssProtection (C:\Users\Administrator\Desktop\Shopping Mall\server\node_modules\_egg-security@2.7.0@egg-security\lib\middlewares\xssProtection.js:7:5)
    at async nosniff (C:\Users\Administrator\Desktop\Shopping Mall\server\node_modules\_egg-security@2.7.0@egg-security\lib\middlewares\nosniff.js:8:5)
    at async noopen (C:\Users\Administrator\Desktop\Shopping Mall\server\node_modules\_egg-security@2.7.0@egg-security\lib\middlewares\noopen.js:8:5)
    at async session (C:\Users\Administrator\Desktop\Shopping Mall\server\node_modules\_koa-session@5.12.3@koa-session\index.js:41:7)
    at async bodyParser (C:\Users\Administrator\Desktop\Shopping Mall\server\node_modules\_koa-bodyparser@4.2.1@koa-bodyparser\index.js:86:5)
    at async C:\Users\Administrator\Desktop\Shopping Mall\server\node_modules\_koa-static-cache@5.1.2@koa-static-cache\index.js:51:63
    at async notfound (C:\Users\Administrator\Desktop\Shopping Mall\server\node_modules\_egg@2.25.0@egg\app\middleware\notfound.js:5:5)
    at async meta (C:\Users\Administrator\Desktop\Shopping Mall\server\node_modules\_egg@2.25.0@egg\app\middleware\meta.js:12:5)

pid: 4112
hostname: stu46

2019-11-11 12:02:02,473 ERROR 4112 [-/127.0.0.1/-/3ms POST /v1/order] nodejs.TypeError: Cannot read property 'count' of undefined
    at OperatingGoodsController.order (C:\Users\Administrator\Desktop\Shopping Mall\server\app\controller\api\operatingGoods.js:197:34)
    at runMicrotasks (<anonymous>)
    at processTicksAndRejections (internal/process/task_queues.js:93:5)
    at async C:\Users\Administrator\Desktop\Shopping Mall\server\app\middleware\isLogin.js:15:13
    at async C:\Users\Administrator\Desktop\Shopping Mall\server\node_modules\_egg-development@2.4.3@egg-development\app\middleware\egg_loader_trace.js:9:50
    at async xframe (C:\Users\Administrator\Desktop\Shopping Mall\server\node_modules\_egg-security@2.7.0@egg-security\lib\middlewares\xframe.js:7:5)
    at async xssProtection (C:\Users\Administrator\Desktop\Shopping Mall\server\node_modules\_egg-security@2.7.0@egg-security\lib\middlewares\xssProtection.js:7:5)
    at async nosniff (C:\Users\Administrator\Desktop\Shopping Mall\server\node_modules\_egg-security@2.7.0@egg-security\lib\middlewares\nosniff.js:8:5)
    at async noopen (C:\Users\Administrator\Desktop\Shopping Mall\server\node_modules\_egg-security@2.7.0@egg-security\lib\middlewares\noopen.js:8:5)
    at async session (C:\Users\Administrator\Desktop\Shopping Mall\server\node_modules\_koa-session@5.12.3@koa-session\index.js:41:7)
    at async bodyParser (C:\Users\Administrator\Desktop\Shopping Mall\server\node_modules\_koa-bodyparser@4.2.1@koa-bodyparser\index.js:86:5)
    at async C:\Users\Administrator\Desktop\Shopping Mall\server\node_modules\_koa-static-cache@5.1.2@koa-static-cache\index.js:51:63
    at async notfound (C:\Users\Administrator\Desktop\Shopping Mall\server\node_modules\_egg@2.25.0@egg\app\middleware\notfound.js:5:5)
    at async meta (C:\Users\Administrator\Desktop\Shopping Mall\server\node_modules\_egg@2.25.0@egg\app\middleware\meta.js:12:5)

pid: 4112
hostname: stu46

2019-11-11 12:03:06,150 ERROR 4112 [-/127.0.0.1/-/2ms POST /v1/order] nodejs.TypeError: Cannot read property 'count' of undefined
    at OperatingGoodsController.order (C:\Users\Administrator\Desktop\Shopping Mall\server\app\controller\api\operatingGoods.js:197:34)
    at runMicrotasks (<anonymous>)
    at processTicksAndRejections (internal/process/task_queues.js:93:5)
    at async C:\Users\Administrator\Desktop\Shopping Mall\server\app\middleware\isLogin.js:15:13
    at async C:\Users\Administrator\Desktop\Shopping Mall\server\node_modules\_egg-development@2.4.3@egg-development\app\middleware\egg_loader_trace.js:9:50
    at async xframe (C:\Users\Administrator\Desktop\Shopping Mall\server\node_modules\_egg-security@2.7.0@egg-security\lib\middlewares\xframe.js:7:5)
    at async xssProtection (C:\Users\Administrator\Desktop\Shopping Mall\server\node_modules\_egg-security@2.7.0@egg-security\lib\middlewares\xssProtection.js:7:5)
    at async nosniff (C:\Users\Administrator\Desktop\Shopping Mall\server\node_modules\_egg-security@2.7.0@egg-security\lib\middlewares\nosniff.js:8:5)
    at async noopen (C:\Users\Administrator\Desktop\Shopping Mall\server\node_modules\_egg-security@2.7.0@egg-security\lib\middlewares\noopen.js:8:5)
    at async session (C:\Users\Administrator\Desktop\Shopping Mall\server\node_modules\_koa-session@5.12.3@koa-session\index.js:41:7)
    at async bodyParser (C:\Users\Administrator\Desktop\Shopping Mall\server\node_modules\_koa-bodyparser@4.2.1@koa-bodyparser\index.js:86:5)
    at async C:\Users\Administrator\Desktop\Shopping Mall\server\node_modules\_koa-static-cache@5.1.2@koa-static-cache\index.js:51:63
    at async notfound (C:\Users\Administrator\Desktop\Shopping Mall\server\node_modules\_egg@2.25.0@egg\app\middleware\notfound.js:5:5)
    at async meta (C:\Users\Administrator\Desktop\Shopping Mall\server\node_modules\_egg@2.25.0@egg\app\middleware\meta.js:12:5)

pid: 4112
hostname: stu46

2019-11-11 12:03:35,325 ERROR 4112 [-/127.0.0.1/-/4ms POST /v1/order] nodejs.TypeError: Cannot read property 'count' of undefined
    at OperatingGoodsController.order (C:\Users\Administrator\Desktop\Shopping Mall\server\app\controller\api\operatingGoods.js:197:34)
    at runMicrotasks (<anonymous>)
    at processTicksAndRejections (internal/process/task_queues.js:93:5)
    at async C:\Users\Administrator\Desktop\Shopping Mall\server\app\middleware\isLogin.js:15:13
    at async C:\Users\Administrator\Desktop\Shopping Mall\server\node_modules\_egg-development@2.4.3@egg-development\app\middleware\egg_loader_trace.js:9:50
    at async xframe (C:\Users\Administrator\Desktop\Shopping Mall\server\node_modules\_egg-security@2.7.0@egg-security\lib\middlewares\xframe.js:7:5)
    at async xssProtection (C:\Users\Administrator\Desktop\Shopping Mall\server\node_modules\_egg-security@2.7.0@egg-security\lib\middlewares\xssProtection.js:7:5)
    at async nosniff (C:\Users\Administrator\Desktop\Shopping Mall\server\node_modules\_egg-security@2.7.0@egg-security\lib\middlewares\nosniff.js:8:5)
    at async noopen (C:\Users\Administrator\Desktop\Shopping Mall\server\node_modules\_egg-security@2.7.0@egg-security\lib\middlewares\noopen.js:8:5)
    at async session (C:\Users\Administrator\Desktop\Shopping Mall\server\node_modules\_koa-session@5.12.3@koa-session\index.js:41:7)
    at async bodyParser (C:\Users\Administrator\Desktop\Shopping Mall\server\node_modules\_koa-bodyparser@4.2.1@koa-bodyparser\index.js:86:5)
    at async C:\Users\Administrator\Desktop\Shopping Mall\server\node_modules\_koa-static-cache@5.1.2@koa-static-cache\index.js:51:63
    at async notfound (C:\Users\Administrator\Desktop\Shopping Mall\server\node_modules\_egg@2.25.0@egg\app\middleware\notfound.js:5:5)
    at async meta (C:\Users\Administrator\Desktop\Shopping Mall\server\node_modules\_egg@2.25.0@egg\app\middleware\meta.js:12:5)

pid: 4112
hostname: stu46

2019-11-11 13:36:49,965 ERROR 4112 [-/127.0.0.1/-/2ms POST /v1/order] nodejs.TypeError: Cannot read property 'count' of undefined
    at OperatingGoodsController.order (C:\Users\Administrator\Desktop\Shopping Mall\server\app\controller\api\operatingGoods.js:197:34)
    at runMicrotasks (<anonymous>)
    at processTicksAndRejections (internal/process/task_queues.js:93:5)
    at async C:\Users\Administrator\Desktop\Shopping Mall\server\app\middleware\isLogin.js:15:13
    at async C:\Users\Administrator\Desktop\Shopping Mall\server\node_modules\_egg-development@2.4.3@egg-development\app\middleware\egg_loader_trace.js:9:50
    at async xframe (C:\Users\Administrator\Desktop\Shopping Mall\server\node_modules\_egg-security@2.7.0@egg-security\lib\middlewares\xframe.js:7:5)
    at async xssProtection (C:\Users\Administrator\Desktop\Shopping Mall\server\node_modules\_egg-security@2.7.0@egg-security\lib\middlewares\xssProtection.js:7:5)
    at async nosniff (C:\Users\Administrator\Desktop\Shopping Mall\server\node_modules\_egg-security@2.7.0@egg-security\lib\middlewares\nosniff.js:8:5)
    at async noopen (C:\Users\Administrator\Desktop\Shopping Mall\server\node_modules\_egg-security@2.7.0@egg-security\lib\middlewares\noopen.js:8:5)
    at async session (C:\Users\Administrator\Desktop\Shopping Mall\server\node_modules\_koa-session@5.12.3@koa-session\index.js:41:7)
    at async bodyParser (C:\Users\Administrator\Desktop\Shopping Mall\server\node_modules\_koa-bodyparser@4.2.1@koa-bodyparser\index.js:86:5)
    at async C:\Users\Administrator\Desktop\Shopping Mall\server\node_modules\_koa-static-cache@5.1.2@koa-static-cache\index.js:51:63
    at async notfound (C:\Users\Administrator\Desktop\Shopping Mall\server\node_modules\_egg@2.25.0@egg\app\middleware\notfound.js:5:5)
    at async meta (C:\Users\Administrator\Desktop\Shopping Mall\server\node_modules\_egg@2.25.0@egg\app\middleware\meta.js:12:5)

pid: 4112
hostname: stu46

2019-11-11 13:37:34,314 ERROR 4112 [-/127.0.0.1/-/5ms POST /v1/order] nodejs.TypeError: Cannot read property 'count' of undefined
    at OperatingGoodsController.order (C:\Users\Administrator\Desktop\Shopping Mall\server\app\controller\api\operatingGoods.js:197:34)
    at runMicrotasks (<anonymous>)
    at processTicksAndRejections (internal/process/task_queues.js:93:5)
    at async C:\Users\Administrator\Desktop\Shopping Mall\server\app\middleware\isLogin.js:15:13
    at async C:\Users\Administrator\Desktop\Shopping Mall\server\node_modules\_egg-development@2.4.3@egg-development\app\middleware\egg_loader_trace.js:9:50
    at async xframe (C:\Users\Administrator\Desktop\Shopping Mall\server\node_modules\_egg-security@2.7.0@egg-security\lib\middlewares\xframe.js:7:5)
    at async xssProtection (C:\Users\Administrator\Desktop\Shopping Mall\server\node_modules\_egg-security@2.7.0@egg-security\lib\middlewares\xssProtection.js:7:5)
    at async nosniff (C:\Users\Administrator\Desktop\Shopping Mall\server\node_modules\_egg-security@2.7.0@egg-security\lib\middlewares\nosniff.js:8:5)
    at async noopen (C:\Users\Administrator\Desktop\Shopping Mall\server\node_modules\_egg-security@2.7.0@egg-security\lib\middlewares\noopen.js:8:5)
    at async session (C:\Users\Administrator\Desktop\Shopping Mall\server\node_modules\_koa-session@5.12.3@koa-session\index.js:41:7)
    at async bodyParser (C:\Users\Administrator\Desktop\Shopping Mall\server\node_modules\_koa-bodyparser@4.2.1@koa-bodyparser\index.js:86:5)
    at async C:\Users\Administrator\Desktop\Shopping Mall\server\node_modules\_koa-static-cache@5.1.2@koa-static-cache\index.js:51:63
    at async notfound (C:\Users\Administrator\Desktop\Shopping Mall\server\node_modules\_egg@2.25.0@egg\app\middleware\notfound.js:5:5)
    at async meta (C:\Users\Administrator\Desktop\Shopping Mall\server\node_modules\_egg@2.25.0@egg\app\middleware\meta.js:12:5)

pid: 4112
hostname: stu46

2019-11-11 13:37:51,088 ERROR 4112 [-/127.0.0.1/-/6ms POST /v1/order] nodejs.TypeError: Cannot read property 'count' of undefined
    at OperatingGoodsController.order (C:\Users\Administrator\Desktop\Shopping Mall\server\app\controller\api\operatingGoods.js:197:34)
    at runMicrotasks (<anonymous>)
    at processTicksAndRejections (internal/process/task_queues.js:93:5)
    at async C:\Users\Administrator\Desktop\Shopping Mall\server\app\middleware\isLogin.js:15:13
    at async C:\Users\Administrator\Desktop\Shopping Mall\server\node_modules\_egg-development@2.4.3@egg-development\app\middleware\egg_loader_trace.js:9:50
    at async xframe (C:\Users\Administrator\Desktop\Shopping Mall\server\node_modules\_egg-security@2.7.0@egg-security\lib\middlewares\xframe.js:7:5)
    at async xssProtection (C:\Users\Administrator\Desktop\Shopping Mall\server\node_modules\_egg-security@2.7.0@egg-security\lib\middlewares\xssProtection.js:7:5)
    at async nosniff (C:\Users\Administrator\Desktop\Shopping Mall\server\node_modules\_egg-security@2.7.0@egg-security\lib\middlewares\nosniff.js:8:5)
    at async noopen (C:\Users\Administrator\Desktop\Shopping Mall\server\node_modules\_egg-security@2.7.0@egg-security\lib\middlewares\noopen.js:8:5)
    at async session (C:\Users\Administrator\Desktop\Shopping Mall\server\node_modules\_koa-session@5.12.3@koa-session\index.js:41:7)
    at async bodyParser (C:\Users\Administrator\Desktop\Shopping Mall\server\node_modules\_koa-bodyparser@4.2.1@koa-bodyparser\index.js:86:5)
    at async C:\Users\Administrator\Desktop\Shopping Mall\server\node_modules\_koa-static-cache@5.1.2@koa-static-cache\index.js:51:63
    at async notfound (C:\Users\Administrator\Desktop\Shopping Mall\server\node_modules\_egg@2.25.0@egg\app\middleware\notfound.js:5:5)
    at async meta (C:\Users\Administrator\Desktop\Shopping Mall\server\node_modules\_egg@2.25.0@egg\app\middleware\meta.js:12:5)

pid: 4112
hostname: stu46

2019-11-11 13:37:52,978 ERROR 4112 [-/127.0.0.1/-/4ms POST /v1/order] nodejs.TypeError: Cannot read property 'count' of undefined
    at OperatingGoodsController.order (C:\Users\Administrator\Desktop\Shopping Mall\server\app\controller\api\operatingGoods.js:197:34)
    at runMicrotasks (<anonymous>)
    at processTicksAndRejections (internal/process/task_queues.js:93:5)
    at async C:\Users\Administrator\Desktop\Shopping Mall\server\app\middleware\isLogin.js:15:13
    at async C:\Users\Administrator\Desktop\Shopping Mall\server\node_modules\_egg-development@2.4.3@egg-development\app\middleware\egg_loader_trace.js:9:50
    at async xframe (C:\Users\Administrator\Desktop\Shopping Mall\server\node_modules\_egg-security@2.7.0@egg-security\lib\middlewares\xframe.js:7:5)
    at async xssProtection (C:\Users\Administrator\Desktop\Shopping Mall\server\node_modules\_egg-security@2.7.0@egg-security\lib\middlewares\xssProtection.js:7:5)
    at async nosniff (C:\Users\Administrator\Desktop\Shopping Mall\server\node_modules\_egg-security@2.7.0@egg-security\lib\middlewares\nosniff.js:8:5)
    at async noopen (C:\Users\Administrator\Desktop\Shopping Mall\server\node_modules\_egg-security@2.7.0@egg-security\lib\middlewares\noopen.js:8:5)
    at async session (C:\Users\Administrator\Desktop\Shopping Mall\server\node_modules\_koa-session@5.12.3@koa-session\index.js:41:7)
    at async bodyParser (C:\Users\Administrator\Desktop\Shopping Mall\server\node_modules\_koa-bodyparser@4.2.1@koa-bodyparser\index.js:86:5)
    at async C:\Users\Administrator\Desktop\Shopping Mall\server\node_modules\_koa-static-cache@5.1.2@koa-static-cache\index.js:51:63
    at async notfound (C:\Users\Administrator\Desktop\Shopping Mall\server\node_modules\_egg@2.25.0@egg\app\middleware\notfound.js:5:5)
    at async meta (C:\Users\Administrator\Desktop\Shopping Mall\server\node_modules\_egg@2.25.0@egg\app\middleware\meta.js:12:5)

pid: 4112
hostname: stu46

2019-11-11 13:37:53,656 ERROR 4112 [-/127.0.0.1/-/4ms POST /v1/order] nodejs.TypeError: Cannot read property 'count' of undefined
    at OperatingGoodsController.order (C:\Users\Administrator\Desktop\Shopping Mall\server\app\controller\api\operatingGoods.js:197:34)
    at runMicrotasks (<anonymous>)
    at processTicksAndRejections (internal/process/task_queues.js:93:5)
    at async C:\Users\Administrator\Desktop\Shopping Mall\server\app\middleware\isLogin.js:15:13
    at async C:\Users\Administrator\Desktop\Shopping Mall\server\node_modules\_egg-development@2.4.3@egg-development\app\middleware\egg_loader_trace.js:9:50
    at async xframe (C:\Users\Administrator\Desktop\Shopping Mall\server\node_modules\_egg-security@2.7.0@egg-security\lib\middlewares\xframe.js:7:5)
    at async xssProtection (C:\Users\Administrator\Desktop\Shopping Mall\server\node_modules\_egg-security@2.7.0@egg-security\lib\middlewares\xssProtection.js:7:5)
    at async nosniff (C:\Users\Administrator\Desktop\Shopping Mall\server\node_modules\_egg-security@2.7.0@egg-security\lib\middlewares\nosniff.js:8:5)
    at async noopen (C:\Users\Administrator\Desktop\Shopping Mall\server\node_modules\_egg-security@2.7.0@egg-security\lib\middlewares\noopen.js:8:5)
    at async session (C:\Users\Administrator\Desktop\Shopping Mall\server\node_modules\_koa-session@5.12.3@koa-session\index.js:41:7)
    at async bodyParser (C:\Users\Administrator\Desktop\Shopping Mall\server\node_modules\_koa-bodyparser@4.2.1@koa-bodyparser\index.js:86:5)
    at async C:\Users\Administrator\Desktop\Shopping Mall\server\node_modules\_koa-static-cache@5.1.2@koa-static-cache\index.js:51:63
    at async notfound (C:\Users\Administrator\Desktop\Shopping Mall\server\node_modules\_egg@2.25.0@egg\app\middleware\notfound.js:5:5)
    at async meta (C:\Users\Administrator\Desktop\Shopping Mall\server\node_modules\_egg@2.25.0@egg\app\middleware\meta.js:12:5)

pid: 4112
hostname: stu46

2019-11-11 13:38:34,583 ERROR 4112 [-/127.0.0.1/-/3ms POST /v1/order] nodejs.TypeError: Cannot read property 'count' of undefined
    at OperatingGoodsController.order (C:\Users\Administrator\Desktop\Shopping Mall\server\app\controller\api\operatingGoods.js:197:34)
    at runMicrotasks (<anonymous>)
    at processTicksAndRejections (internal/process/task_queues.js:93:5)
    at async C:\Users\Administrator\Desktop\Shopping Mall\server\app\middleware\isLogin.js:15:13
    at async C:\Users\Administrator\Desktop\Shopping Mall\server\node_modules\_egg-development@2.4.3@egg-development\app\middleware\egg_loader_trace.js:9:50
    at async xframe (C:\Users\Administrator\Desktop\Shopping Mall\server\node_modules\_egg-security@2.7.0@egg-security\lib\middlewares\xframe.js:7:5)
    at async xssProtection (C:\Users\Administrator\Desktop\Shopping Mall\server\node_modules\_egg-security@2.7.0@egg-security\lib\middlewares\xssProtection.js:7:5)
    at async nosniff (C:\Users\Administrator\Desktop\Shopping Mall\server\node_modules\_egg-security@2.7.0@egg-security\lib\middlewares\nosniff.js:8:5)
    at async noopen (C:\Users\Administrator\Desktop\Shopping Mall\server\node_modules\_egg-security@2.7.0@egg-security\lib\middlewares\noopen.js:8:5)
    at async session (C:\Users\Administrator\Desktop\Shopping Mall\server\node_modules\_koa-session@5.12.3@koa-session\index.js:41:7)
    at async bodyParser (C:\Users\Administrator\Desktop\Shopping Mall\server\node_modules\_koa-bodyparser@4.2.1@koa-bodyparser\index.js:86:5)
    at async C:\Users\Administrator\Desktop\Shopping Mall\server\node_modules\_koa-static-cache@5.1.2@koa-static-cache\index.js:51:63
    at async notfound (C:\Users\Administrator\Desktop\Shopping Mall\server\node_modules\_egg@2.25.0@egg\app\middleware\notfound.js:5:5)
    at async meta (C:\Users\Administrator\Desktop\Shopping Mall\server\node_modules\_egg@2.25.0@egg\app\middleware\meta.js:12:5)

pid: 4112
hostname: stu46

2019-11-11 15:29:23,491 ERROR 4112 [-/127.0.0.1/-/5ms POST /v1/collection] nodejs.TypeError: Cannot read property 'id' of null
    at OperatingGoodsController.collection (C:\Users\Administrator\Desktop\Shopping Mall\server\app\controller\api\operatingGoods.js:16:24)
    at runMicrotasks (<anonymous>)
    at processTicksAndRejections (internal/process/task_queues.js:93:5)
    at async C:\Users\Administrator\Desktop\Shopping Mall\server\app\middleware\isLogin.js:15:13
    at async C:\Users\Administrator\Desktop\Shopping Mall\server\node_modules\_egg-development@2.4.3@egg-development\app\middleware\egg_loader_trace.js:9:50
    at async xframe (C:\Users\Administrator\Desktop\Shopping Mall\server\node_modules\_egg-security@2.7.0@egg-security\lib\middlewares\xframe.js:7:5)
    at async xssProtection (C:\Users\Administrator\Desktop\Shopping Mall\server\node_modules\_egg-security@2.7.0@egg-security\lib\middlewares\xssProtection.js:7:5)
    at async nosniff (C:\Users\Administrator\Desktop\Shopping Mall\server\node_modules\_egg-security@2.7.0@egg-security\lib\middlewares\nosniff.js:8:5)
    at async noopen (C:\Users\Administrator\Desktop\Shopping Mall\server\node_modules\_egg-security@2.7.0@egg-security\lib\middlewares\noopen.js:8:5)
    at async session (C:\Users\Administrator\Desktop\Shopping Mall\server\node_modules\_koa-session@5.12.3@koa-session\index.js:41:7)
    at async bodyParser (C:\Users\Administrator\Desktop\Shopping Mall\server\node_modules\_koa-bodyparser@4.2.1@koa-bodyparser\index.js:86:5)
    at async C:\Users\Administrator\Desktop\Shopping Mall\server\node_modules\_koa-static-cache@5.1.2@koa-static-cache\index.js:51:63
    at async notfound (C:\Users\Administrator\Desktop\Shopping Mall\server\node_modules\_egg@2.25.0@egg\app\middleware\notfound.js:5:5)
    at async meta (C:\Users\Administrator\Desktop\Shopping Mall\server\node_modules\_egg@2.25.0@egg\app\middleware\meta.js:12:5)

pid: 4112
hostname: stu46

2019-11-11 15:29:52,770 ERROR 4112 [-/127.0.0.1/-/4ms POST /v1/collection] nodejs.TypeError: Cannot read property 'id' of null
    at OperatingGoodsController.collection (C:\Users\Administrator\Desktop\Shopping Mall\server\app\controller\api\operatingGoods.js:16:24)
    at runMicrotasks (<anonymous>)
    at processTicksAndRejections (internal/process/task_queues.js:93:5)
    at async C:\Users\Administrator\Desktop\Shopping Mall\server\app\middleware\isLogin.js:15:13
    at async C:\Users\Administrator\Desktop\Shopping Mall\server\node_modules\_egg-development@2.4.3@egg-development\app\middleware\egg_loader_trace.js:9:50
    at async xframe (C:\Users\Administrator\Desktop\Shopping Mall\server\node_modules\_egg-security@2.7.0@egg-security\lib\middlewares\xframe.js:7:5)
    at async xssProtection (C:\Users\Administrator\Desktop\Shopping Mall\server\node_modules\_egg-security@2.7.0@egg-security\lib\middlewares\xssProtection.js:7:5)
    at async nosniff (C:\Users\Administrator\Desktop\Shopping Mall\server\node_modules\_egg-security@2.7.0@egg-security\lib\middlewares\nosniff.js:8:5)
    at async noopen (C:\Users\Administrator\Desktop\Shopping Mall\server\node_modules\_egg-security@2.7.0@egg-security\lib\middlewares\noopen.js:8:5)
    at async session (C:\Users\Administrator\Desktop\Shopping Mall\server\node_modules\_koa-session@5.12.3@koa-session\index.js:41:7)
    at async bodyParser (C:\Users\Administrator\Desktop\Shopping Mall\server\node_modules\_koa-bodyparser@4.2.1@koa-bodyparser\index.js:86:5)
    at async C:\Users\Administrator\Desktop\Shopping Mall\server\node_modules\_koa-static-cache@5.1.2@koa-static-cache\index.js:51:63
    at async notfound (C:\Users\Administrator\Desktop\Shopping Mall\server\node_modules\_egg@2.25.0@egg\app\middleware\notfound.js:5:5)
    at async meta (C:\Users\Administrator\Desktop\Shopping Mall\server\node_modules\_egg@2.25.0@egg\app\middleware\meta.js:12:5)

pid: 4112
hostname: stu46

2019-11-11 15:34:28,040 ERROR 4112 [-/127.0.0.1/-/5ms POST /v1/collection] nodejs.TypeError: Cannot read property 'id' of null
    at OperatingGoodsController.collection (C:\Users\Administrator\Desktop\Shopping Mall\server\app\controller\api\operatingGoods.js:16:24)
    at runMicrotasks (<anonymous>)
    at processTicksAndRejections (internal/process/task_queues.js:93:5)
    at async C:\Users\Administrator\Desktop\Shopping Mall\server\app\middleware\isLogin.js:15:13
    at async C:\Users\Administrator\Desktop\Shopping Mall\server\node_modules\_egg-development@2.4.3@egg-development\app\middleware\egg_loader_trace.js:9:50
    at async xframe (C:\Users\Administrator\Desktop\Shopping Mall\server\node_modules\_egg-security@2.7.0@egg-security\lib\middlewares\xframe.js:7:5)
    at async xssProtection (C:\Users\Administrator\Desktop\Shopping Mall\server\node_modules\_egg-security@2.7.0@egg-security\lib\middlewares\xssProtection.js:7:5)
    at async nosniff (C:\Users\Administrator\Desktop\Shopping Mall\server\node_modules\_egg-security@2.7.0@egg-security\lib\middlewares\nosniff.js:8:5)
    at async noopen (C:\Users\Administrator\Desktop\Shopping Mall\server\node_modules\_egg-security@2.7.0@egg-security\lib\middlewares\noopen.js:8:5)
    at async session (C:\Users\Administrator\Desktop\Shopping Mall\server\node_modules\_koa-session@5.12.3@koa-session\index.js:41:7)
    at async bodyParser (C:\Users\Administrator\Desktop\Shopping Mall\server\node_modules\_koa-bodyparser@4.2.1@koa-bodyparser\index.js:86:5)
    at async C:\Users\Administrator\Desktop\Shopping Mall\server\node_modules\_koa-static-cache@5.1.2@koa-static-cache\index.js:51:63
    at async notfound (C:\Users\Administrator\Desktop\Shopping Mall\server\node_modules\_egg@2.25.0@egg\app\middleware\notfound.js:5:5)
    at async meta (C:\Users\Administrator\Desktop\Shopping Mall\server\node_modules\_egg@2.25.0@egg\app\middleware\meta.js:12:5)

pid: 4112
hostname: stu46

2019-11-11 15:38:29,305 ERROR 4112 [-/127.0.0.1/-/7ms POST /v1/collection] nodejs.TypeError: Cannot read property 'id' of null
    at OperatingGoodsController.collection (C:\Users\Administrator\Desktop\Shopping Mall\server\app\controller\api\operatingGoods.js:16:24)
    at runMicrotasks (<anonymous>)
    at processTicksAndRejections (internal/process/task_queues.js:93:5)
    at async C:\Users\Administrator\Desktop\Shopping Mall\server\app\middleware\isLogin.js:15:13
    at async C:\Users\Administrator\Desktop\Shopping Mall\server\node_modules\_egg-development@2.4.3@egg-development\app\middleware\egg_loader_trace.js:9:50
    at async xframe (C:\Users\Administrator\Desktop\Shopping Mall\server\node_modules\_egg-security@2.7.0@egg-security\lib\middlewares\xframe.js:7:5)
    at async xssProtection (C:\Users\Administrator\Desktop\Shopping Mall\server\node_modules\_egg-security@2.7.0@egg-security\lib\middlewares\xssProtection.js:7:5)
    at async nosniff (C:\Users\Administrator\Desktop\Shopping Mall\server\node_modules\_egg-security@2.7.0@egg-security\lib\middlewares\nosniff.js:8:5)
    at async noopen (C:\Users\Administrator\Desktop\Shopping Mall\server\node_modules\_egg-security@2.7.0@egg-security\lib\middlewares\noopen.js:8:5)
    at async session (C:\Users\Administrator\Desktop\Shopping Mall\server\node_modules\_koa-session@5.12.3@koa-session\index.js:41:7)
    at async bodyParser (C:\Users\Administrator\Desktop\Shopping Mall\server\node_modules\_koa-bodyparser@4.2.1@koa-bodyparser\index.js:86:5)
    at async C:\Users\Administrator\Desktop\Shopping Mall\server\node_modules\_koa-static-cache@5.1.2@koa-static-cache\index.js:51:63
    at async notfound (C:\Users\Administrator\Desktop\Shopping Mall\server\node_modules\_egg@2.25.0@egg\app\middleware\notfound.js:5:5)
    at async meta (C:\Users\Administrator\Desktop\Shopping Mall\server\node_modules\_egg@2.25.0@egg\app\middleware\meta.js:12:5)

pid: 4112
hostname: stu46

2019-11-12 14:56:34,553 ERROR 2760 [-/127.0.0.1/-/14ms POST /v1/order] nodejs.TypeError: Cannot read property 'count' of undefined
    at OperatingGoodsController.order (C:\Users\Administrator\Desktop\Shopping Mall\server\app\controller\api\operatingGoods.js:197:34)
    at runMicrotasks (<anonymous>)
    at processTicksAndRejections (internal/process/task_queues.js:93:5)
    at async C:\Users\Administrator\Desktop\Shopping Mall\server\app\middleware\isLogin.js:15:13
    at async C:\Users\Administrator\Desktop\Shopping Mall\server\node_modules\_egg-development@2.4.3@egg-development\app\middleware\egg_loader_trace.js:9:50
    at async xframe (C:\Users\Administrator\Desktop\Shopping Mall\server\node_modules\_egg-security@2.7.0@egg-security\lib\middlewares\xframe.js:7:5)
    at async xssProtection (C:\Users\Administrator\Desktop\Shopping Mall\server\node_modules\_egg-security@2.7.0@egg-security\lib\middlewares\xssProtection.js:7:5)
    at async nosniff (C:\Users\Administrator\Desktop\Shopping Mall\server\node_modules\_egg-security@2.7.0@egg-security\lib\middlewares\nosniff.js:8:5)
    at async noopen (C:\Users\Administrator\Desktop\Shopping Mall\server\node_modules\_egg-security@2.7.0@egg-security\lib\middlewares\noopen.js:8:5)
    at async session (C:\Users\Administrator\Desktop\Shopping Mall\server\node_modules\_koa-session@5.12.3@koa-session\index.js:41:7)
    at async bodyParser (C:\Users\Administrator\Desktop\Shopping Mall\server\node_modules\_koa-bodyparser@4.2.1@koa-bodyparser\index.js:86:5)
    at async C:\Users\Administrator\Desktop\Shopping Mall\server\node_modules\_koa-static-cache@5.1.2@koa-static-cache\index.js:51:63
    at async notfound (C:\Users\Administrator\Desktop\Shopping Mall\server\node_modules\_egg@2.25.0@egg\app\middleware\notfound.js:5:5)
    at async meta (C:\Users\Administrator\Desktop\Shopping Mall\server\node_modules\_egg@2.25.0@egg\app\middleware\meta.js:12:5)

pid: 2760
hostname: stu46

2019-11-12 18:10:29,698 ERROR 2760 [-/127.0.0.1/-/3ms POST /v1/evaluateOne] nodejs.Error: Argument passed in must be a single String of 12 bytes or a string of 24 hex characters
    at new ObjectID (C:\Users\Administrator\Desktop\Shopping Mall\server\node_modules\_bson@1.1.1@bson\lib\bson\objectid.js:59:11)
    at ObjectID [as ObjectId] (C:\Users\Administrator\Desktop\Shopping Mall\server\node_modules\_bson@1.1.1@bson\lib\bson\objectid.js:40:43)
    at UserController.evaluateOne (C:\Users\Administrator\Desktop\Shopping Mall\server\app\controller\api\user.js:453:52)
    at Object.callFn (C:\Users\Administrator\Desktop\Shopping Mall\server\node_modules\_egg-core@4.17.3@egg-core\lib\utils\index.js:44:21)
    at Object.classControllerMiddleware (C:\Users\Administrator\Desktop\Shopping Mall\server\node_modules\_egg-core@4.17.3@egg-core\lib\loader\mixin\controller.js:87:20)
    at Object.callFn (C:\Users\Administrator\Desktop\Shopping Mall\server\node_modules\_@eggjs_router@2.0.0@@eggjs\router\lib\utils.js:12:21)
    at wrappedController (C:\Users\Administrator\Desktop\Shopping Mall\server\node_modules\_@eggjs_router@2.0.0@@eggjs\router\lib\egg_router.js:322:18)
    at dispatch (C:\Users\Administrator\Desktop\Shopping Mall\server\node_modules\_koa-compose@3.2.1@koa-compose\index.js:44:32)
    at next (C:\Users\Administrator\Desktop\Shopping Mall\server\node_modules\_koa-compose@3.2.1@koa-compose\index.js:45:18)
    at C:\Users\Administrator\Desktop\Shopping Mall\server\node_modules\_@eggjs_router@2.0.0@@eggjs\router\lib\router.js:190:18
    at dispatch (C:\Users\Administrator\Desktop\Shopping Mall\server\node_modules\_koa-compose@3.2.1@koa-compose\index.js:44:32)
    at C:\Users\Administrator\Desktop\Shopping Mall\server\node_modules\_koa-compose@3.2.1@koa-compose\index.js:36:12
    at dispatch (C:\Users\Administrator\Desktop\Shopping Mall\server\node_modules\_@eggjs_router@2.0.0@@eggjs\router\lib\router.js:195:33)
    at dispatch (C:\Users\Administrator\Desktop\Shopping Mall\server\node_modules\_koa-compose@4.1.0@koa-compose\index.js:42:32)
    at C:\Users\Administrator\Desktop\Shopping Mall\server\app\middleware\isLogin.js:15:19
    at dispatch (C:\Users\Administrator\Desktop\Shopping Mall\server\node_modules\_koa-compose@4.1.0@koa-compose\index.js:42:32)

pid: 2760
hostname: stu46

